#
# There is insufficient memory for the Java Runtime Environment to continue.
# Native memory allocation (mmap) failed to map 65536 bytes for Failed to commit metaspace.
# Possible reasons:
#   The system is out of physical RAM or swap space
#   The process is running with CompressedOops enabled, and the Java Heap may be blocking the growth of the native heap
# Possible solutions:
#   Reduce memory load on the system
#   Increase physical memory or swap space
#   Check if swap backing store is full
#   Decrease Java heap size (-Xmx/-Xms)
#   Decrease number of Java threads
#   Decrease Java thread stack sizes (-Xss)
#   Set larger code cache with -XX:ReservedCodeCacheSize=
#   JVM is running with Zero Based Compressed Oops mode in which the Java heap is
#     placed in the first 32GB address space. The Java Heap base address is the
#     maximum limit for the native heap growth. Please use -XX:HeapBaseMinAddress
#     to set the Java Heap base and to place the Java Heap above 32GB virtual address.
# This output file may be truncated or incomplete.
#
#  Out of Memory Error (virtualSpaceNode.cpp:110), pid=12860, tid=20520
#
# JRE version: Java(TM) SE Runtime Environment (17.0.12+8) (build 17.0.12+8-LTS-286)
# Java VM: Java HotSpot(TM) 64-Bit Server VM (17.0.12+8-LTS-286, mixed mode, emulated-client, sharing, tiered, compressed oops, compressed class ptrs, g1 gc, windows-amd64)
# No core dump will be written. Minidumps are not enabled by default on client versions of Windows
#

---------------  S U M M A R Y ------------

Command Line: -Dcom.sun.management.jmxremote -Dcom.sun.management.jmxremote.port=54391 -Dcom.sun.management.jmxremote.authenticate=false -Dcom.sun.management.jmxremote.ssl=false -Djava.rmi.server.hostname=localhost -Dspring.jmx.enabled=true -Dmanagement.endpoints.jmx.exposure.include=* -Dspring.application.admin.enabled=true -XX:TieredStopAtLevel=1 -Dspring.boot.project.name=springboot_postgre -Dfile.encoding=UTF-8 -Dstdout.encoding=UTF-8 -Dstderr.encoding=UTF-8 -XX:+ShowCodeDetailsInExceptionMessages com.mario.springboot.practica.SpringbootPostgreApplication --spring.output.ansi.enabled=always

Host: AMD Ryzen 7 5700U with Radeon Graphics         , 16 cores, 15G,  Windows 11 , 64 bit Build 22621 (10.0.22621.3958)
Time: Mon Oct 21 09:40:28 2024 Hora est. Pacífico, Sudamérica elapsed time: 0.993613 seconds (0d 0h 0m 0s)

---------------  T H R E A D  ---------------

Current thread (0x00000270303433a0):  JavaThread "main" [_thread_in_vm, id=20520, stack(0x000000acdbb00000,0x000000acdbc00000)]

Stack: [0x000000acdbb00000,0x000000acdbc00000]
Native frames: (J=compiled Java code, j=interpreted, Vv=VM code, C=native code)
V  [jvm.dll+0x67a04a]
V  [jvm.dll+0x7da4ed]
V  [jvm.dll+0x7dbe33]
V  [jvm.dll+0x7dc4a3]
V  [jvm.dll+0x24508f]
V  [jvm.dll+0x7d60bb]
V  [jvm.dll+0x6206c6]
V  [jvm.dll+0x1bed07]
V  [jvm.dll+0x623022]
V  [jvm.dll+0x621086]
V  [jvm.dll+0x62af77]
V  [jvm.dll+0x1e84b2]
V  [jvm.dll+0x1e89d5]
V  [jvm.dll+0x1e931b]
V  [jvm.dll+0x1dea41]
V  [jvm.dll+0x53f78c]
V  [jvm.dll+0x7553b8]
V  [jvm.dll+0x7554a4]
V  [jvm.dll+0x40d1af]
V  [jvm.dll+0x413c39]
C  [java.dll+0x17ec]

Java frames: (J=compiled Java code, j=interpreted, Vv=VM code)
J 1206  java.lang.ClassLoader.defineClass1(Ljava/lang/ClassLoader;Ljava/lang/String;[BIILjava/security/ProtectionDomain;Ljava/lang/String;)Ljava/lang/Class; java.base@17.0.12 (0 bytes) @ 0x00000270380622e3 [0x0000027038062220+0x00000000000000c3]
J 1238 c1 java.lang.ClassLoader.defineClass(Ljava/lang/String;[BIILjava/security/ProtectionDomain;)Ljava/lang/Class; java.base@17.0.12 (43 bytes) @ 0x000002703807366c [0x0000027038073560+0x000000000000010c]
J 1227 c1 jdk.internal.loader.BuiltinClassLoader.defineClass(Ljava/lang/String;Ljdk/internal/loader/Resource;)Ljava/lang/Class; java.base@17.0.12 (121 bytes) @ 0x000002703806dcf4 [0x000002703806d820+0x00000000000004d4]
J 1207 c1 jdk.internal.loader.BuiltinClassLoader.findClassOnClassPathOrNull(Ljava/lang/String;)Ljava/lang/Class; java.base@17.0.12 (64 bytes) @ 0x0000027038062dc4 [0x0000027038062b00+0x00000000000002c4]
J 969 c1 jdk.internal.loader.BuiltinClassLoader.loadClassOrNull(Ljava/lang/String;Z)Ljava/lang/Class; java.base@17.0.12 (143 bytes) @ 0x0000027037f6ff84 [0x0000027037f6fb00+0x0000000000000484]
J 1098 c1 jdk.internal.loader.ClassLoaders$AppClassLoader.loadClass(Ljava/lang/String;Z)Ljava/lang/Class; java.base@17.0.12 (40 bytes) @ 0x0000027038036bac [0x0000027038036a60+0x000000000000014c]
J 1092 c1 java.lang.ClassLoader.loadClass(Ljava/lang/String;)Ljava/lang/Class; java.base@17.0.12 (7 bytes) @ 0x0000027038032ae4 [0x0000027038032aa0+0x0000000000000044]
v  ~StubRoutines::call_stub
j  org.springframework.core.convert.TypeDescriptor.<init>(Lorg/springframework/core/ResolvableType;Ljava/lang/Class;[Ljava/lang/annotation/Annotation;)V+26
j  org.springframework.core.convert.TypeDescriptor.valueOf(Ljava/lang/Class;)Lorg/springframework/core/convert/TypeDescriptor;+38
j  org.springframework.core.convert.TypeDescriptor.<clinit>()V+160
v  ~StubRoutines::call_stub
j  org.springframework.core.convert.support.StreamConverter.<clinit>()V+2
v  ~StubRoutines::call_stub
j  org.springframework.core.convert.support.DefaultConversionService.addCollectionConverters(Lorg/springframework/core/convert/converter/ConverterRegistry;)V+188
j  org.springframework.core.convert.support.DefaultConversionService.addDefaultConverters(Lorg/springframework/core/convert/converter/ConverterRegistry;)V+5
j  org.springframework.boot.convert.ApplicationConversionService.configure(Lorg/springframework/format/FormatterRegistry;)V+1
j  org.springframework.boot.convert.ApplicationConversionService.<init>(Lorg/springframework/util/StringValueResolver;Z)V+14
j  org.springframework.boot.convert.ApplicationConversionService.<init>(Lorg/springframework/util/StringValueResolver;)V+3
j  org.springframework.boot.convert.ApplicationConversionService.<init>()V+2
j  org.springframework.boot.SpringApplication.configureEnvironment(Lorg/springframework/core/env/ConfigurableEnvironment;[Ljava/lang/String;)V+12
j  org.springframework.boot.SpringApplication.prepareEnvironment(Lorg/springframework/boot/SpringApplicationRunListeners;Lorg/springframework/boot/DefaultBootstrapContext;Lorg/springframework/boot/ApplicationArguments;)Lorg/springframework/core/env/ConfigurableEnvironment;+15
j  org.springframework.boot.SpringApplication.run([Ljava/lang/String;)Lorg/springframework/context/ConfigurableApplicationContext;+52
j  org.springframework.boot.SpringApplication.run([Ljava/lang/Class;[Ljava/lang/String;)Lorg/springframework/context/ConfigurableApplicationContext;+9
j  org.springframework.boot.SpringApplication.run(Ljava/lang/Class;[Ljava/lang/String;)Lorg/springframework/context/ConfigurableApplicationContext;+9
j  com.mario.springboot.practica.SpringbootPostgreApplication.main([Ljava/lang/String;)V+3
v  ~StubRoutines::call_stub

---------------  P R O C E S S  ---------------

Threads class SMR info:
_java_thread_list=0x000002708d2ff150, length=17, elements={
0x00000270303433a0, 0x00000270474f0080, 0x00000270474f0950, 0x0000027047503bd0,
0x00000270475044a0, 0x0000027047507be0, 0x0000027047509ee0, 0x0000027047515790,
0x000002704751e870, 0x00000270475f4b50, 0x0000027047600a60, 0x0000027047601030,
0x0000027047655bd0, 0x000002708d2ff990, 0x000002708d224260, 0x000002708d31fd00,
0x000002708d378100
}

Java Threads: ( => current thread )
=>0x00000270303433a0 JavaThread "main" [_thread_in_vm, id=20520, stack(0x000000acdbb00000,0x000000acdbc00000)]
  0x00000270474f0080 JavaThread "Reference Handler" daemon [_thread_blocked, id=13428, stack(0x000000acdc200000,0x000000acdc300000)]
  0x00000270474f0950 JavaThread "Finalizer" daemon [_thread_blocked, id=21956, stack(0x000000acdc300000,0x000000acdc400000)]
  0x0000027047503bd0 JavaThread "Signal Dispatcher" daemon [_thread_blocked, id=2584, stack(0x000000acdc400000,0x000000acdc500000)]
  0x00000270475044a0 JavaThread "Attach Listener" daemon [_thread_blocked, id=20956, stack(0x000000acdc500000,0x000000acdc600000)]
  0x0000027047507be0 JavaThread "Service Thread" daemon [_thread_blocked, id=10912, stack(0x000000acdc600000,0x000000acdc700000)]
  0x0000027047509ee0 JavaThread "Monitor Deflation Thread" daemon [_thread_blocked, id=11944, stack(0x000000acdc700000,0x000000acdc800000)]
  0x0000027047515790 JavaThread "C1 CompilerThread0" daemon [_thread_blocked, id=1680, stack(0x000000acdc800000,0x000000acdc900000)]
  0x000002704751e870 JavaThread "Sweeper thread" daemon [_thread_blocked, id=4232, stack(0x000000acdc900000,0x000000acdca00000)]
  0x00000270475f4b50 JavaThread "Common-Cleaner" daemon [_thread_blocked, id=22468, stack(0x000000acdca00000,0x000000acdcb00000)]
  0x0000027047600a60 JavaThread "C1 CompilerThread1" daemon [_thread_blocked, id=17048, stack(0x000000acdcb00000,0x000000acdcc00000)]
  0x0000027047601030 JavaThread "C1 CompilerThread2" daemon [_thread_blocked, id=12936, stack(0x000000acdcc00000,0x000000acdcd00000)]
  0x0000027047655bd0 JavaThread "Notification Thread" daemon [_thread_blocked, id=8612, stack(0x000000acdcd00000,0x000000acdce00000)]
  0x000002708d2ff990 JavaThread "RMI TCP Accept-0" daemon [_thread_in_native, id=17568, stack(0x000000acdce00000,0x000000acdcf00000)]
  0x000002708d224260 JavaThread "RMI TCP Accept-54391" daemon [_thread_in_native, id=4468, stack(0x000000acdcf00000,0x000000acdd000000)]
  0x000002708d31fd00 JavaThread "RMI TCP Accept-0" daemon [_thread_in_native, id=9764, stack(0x000000acdd000000,0x000000acdd100000)]
  0x000002708d378100 JavaThread "C1 CompilerThread3" daemon [_thread_blocked, id=19140, stack(0x000000acdd200000,0x000000acdd300000)]

Other Threads:
  0x00000270474e93c0 VMThread "VM Thread" [stack: 0x000000acdc100000,0x000000acdc200000] [id=9424]
  0x00000270475f39b0 WatcherThread [stack: 0x000000acdd100000,0x000000acdd200000] [id=21140]
  0x00000270303aef70 GCTaskThread "GC Thread#0" [stack: 0x000000acdbc00000,0x000000acdbd00000] [id=8256]
  0x000002708d58f400 GCTaskThread "GC Thread#1" [stack: 0x000000acdd300000,0x000000acdd400000] [id=13384]
  0x000002708d58f6c0 GCTaskThread "GC Thread#2" [stack: 0x000000acdd400000,0x000000acdd500000] [id=17836]
  0x000002708d5b1710 GCTaskThread "GC Thread#3" [stack: 0x000000acdd500000,0x000000acdd600000] [id=21964]
  0x000002708d5b19d0 GCTaskThread "GC Thread#4" [stack: 0x000000acdd600000,0x000000acdd700000] [id=2608]
  0x000002708d5f9a60 GCTaskThread "GC Thread#5" [stack: 0x000000acdd700000,0x000000acdd800000] [id=6464]
  0x000002708d5fa340 GCTaskThread "GC Thread#6" [stack: 0x000000acdd800000,0x000000acdd900000] [id=11780]
  0x000002708d5fa600 GCTaskThread "GC Thread#7" [stack: 0x000000acdd900000,0x000000acdda00000] [id=12628]
  0x000002708d5fa8c0 GCTaskThread "GC Thread#8" [stack: 0x000000acdda00000,0x000000acddb00000] [id=22188]
  0x00000270303bf390 ConcurrentGCThread "G1 Main Marker" [stack: 0x000000acdbd00000,0x000000acdbe00000] [id=22028]
  0x00000270303bfcb0 ConcurrentGCThread "G1 Conc#0" [stack: 0x000000acdbe00000,0x000000acdbf00000] [id=9456]
  0x00000270303fe7a0 ConcurrentGCThread "G1 Refine#0" [stack: 0x000000acdbf00000,0x000000acdc000000] [id=1460]
  0x00000270473a3240 ConcurrentGCThread "G1 Service" [stack: 0x000000acdc000000,0x000000acdc100000] [id=19272]

Threads with active compile tasks:

VM state: not at safepoint (normal execution)

VM Mutex/Monitor currently owned by a thread:  ([mutex/lock_event])
[0x000002703033e250] Metaspace_lock - owner thread: 0x00000270303433a0

Heap address: 0x000000070a400000, size: 3932 MB, Compressed Oops mode: Zero based, Oop shift amount: 3

CDS archive(s) mapped at: [0x0000027048000000-0x0000027048bd0000-0x0000027048bd0000), size 12386304, SharedBaseAddress: 0x0000027048000000, ArchiveRelocationMode: 1.
Compressed class space mapped at: 0x0000027049000000-0x0000027089000000, reserved size: 1073741824
Narrow klass base: 0x0000027048000000, Narrow klass shift: 0, Narrow klass range: 0x100000000

GC Precious Log:
 CPUs: 16 total, 16 available
 Memory: 15720M
 Large Page Support: Disabled
 NUMA Support: Disabled
 Compressed Oops: Enabled (Zero based)
 Heap Region Size: 2M
 Heap Min Capacity: 8M
 Heap Initial Capacity: 246M
 Heap Max Capacity: 3932M
 Pre-touch: Disabled
 Parallel Workers: 13
 Concurrent Workers: 3
 Concurrent Refinement Workers: 13
 Periodic GC: Disabled

Heap:
 garbage-first heap   total 251904K, used 6818K [0x000000070a400000, 0x0000000800000000)
  region size 2048K, 3 young (6144K), 2 survivors (4096K)
 Metaspace       used 7278K, committed 7424K, reserved 1114112K
  class space    used 920K, committed 1024K, reserved 1048576K

Heap Regions: E=young(eden), S=young(survivor), O=old, HS=humongous(starts), HC=humongous(continues), CS=collection set, F=free, OA=open archive, CA=closed archive, TAMS=top-at-mark-start (previous, next)
|   0|0x000000070a400000, 0x000000070a600000, 0x000000070a600000|100%| O|  |TAMS 0x000000070a400000, 0x000000070a400000| Untracked 
|   1|0x000000070a600000, 0x000000070a6a8800, 0x000000070a800000| 32%| O|  |TAMS 0x000000070a600000, 0x000000070a600000| Untracked 
|   2|0x000000070a800000, 0x000000070a800000, 0x000000070aa00000|  0%| F|  |TAMS 0x000000070a800000, 0x000000070a800000| Untracked 
|   3|0x000000070aa00000, 0x000000070aa00000, 0x000000070ac00000|  0%| F|  |TAMS 0x000000070aa00000, 0x000000070aa00000| Untracked 
|   4|0x000000070ac00000, 0x000000070ac00000, 0x000000070ae00000|  0%| F|  |TAMS 0x000000070ac00000, 0x000000070ac00000| Untracked 
|   5|0x000000070ae00000, 0x000000070ae00000, 0x000000070b000000|  0%| F|  |TAMS 0x000000070ae00000, 0x000000070ae00000| Untracked 
|   6|0x000000070b000000, 0x000000070b000000, 0x000000070b200000|  0%| F|  |TAMS 0x000000070b000000, 0x000000070b000000| Untracked 
|   7|0x000000070b200000, 0x000000070b200000, 0x000000070b400000|  0%| F|  |TAMS 0x000000070b200000, 0x000000070b200000| Untracked 
|   8|0x000000070b400000, 0x000000070b400000, 0x000000070b600000|  0%| F|  |TAMS 0x000000070b400000, 0x000000070b400000| Untracked 
|   9|0x000000070b600000, 0x000000070b600000, 0x000000070b800000|  0%| F|  |TAMS 0x000000070b600000, 0x000000070b600000| Untracked 
|  10|0x000000070b800000, 0x000000070b800000, 0x000000070ba00000|  0%| F|  |TAMS 0x000000070b800000, 0x000000070b800000| Untracked 
|  11|0x000000070ba00000, 0x000000070ba00000, 0x000000070bc00000|  0%| F|  |TAMS 0x000000070ba00000, 0x000000070ba00000| Untracked 
|  12|0x000000070bc00000, 0x000000070bc00000, 0x000000070be00000|  0%| F|  |TAMS 0x000000070bc00000, 0x000000070bc00000| Untracked 
|  13|0x000000070be00000, 0x000000070be00000, 0x000000070c000000|  0%| F|  |TAMS 0x000000070be00000, 0x000000070be00000| Untracked 
|  14|0x000000070c000000, 0x000000070c000000, 0x000000070c200000|  0%| F|  |TAMS 0x000000070c000000, 0x000000070c000000| Untracked 
|  15|0x000000070c200000, 0x000000070c200000, 0x000000070c400000|  0%| F|  |TAMS 0x000000070c200000, 0x000000070c200000| Untracked 
|  16|0x000000070c400000, 0x000000070c400000, 0x000000070c600000|  0%| F|  |TAMS 0x000000070c400000, 0x000000070c400000| Untracked 
|  17|0x000000070c600000, 0x000000070c600000, 0x000000070c800000|  0%| F|  |TAMS 0x000000070c600000, 0x000000070c600000| Untracked 
|  18|0x000000070c800000, 0x000000070c800000, 0x000000070ca00000|  0%| F|  |TAMS 0x000000070c800000, 0x000000070c800000| Untracked 
|  19|0x000000070ca00000, 0x000000070ca00000, 0x000000070cc00000|  0%| F|  |TAMS 0x000000070ca00000, 0x000000070ca00000| Untracked 
|  20|0x000000070cc00000, 0x000000070cc00000, 0x000000070ce00000|  0%| F|  |TAMS 0x000000070cc00000, 0x000000070cc00000| Untracked 
|  21|0x000000070ce00000, 0x000000070ce00000, 0x000000070d000000|  0%| F|  |TAMS 0x000000070ce00000, 0x000000070ce00000| Untracked 
|  22|0x000000070d000000, 0x000000070d000000, 0x000000070d200000|  0%| F|  |TAMS 0x000000070d000000, 0x000000070d000000| Untracked 
|  23|0x000000070d200000, 0x000000070d200000, 0x000000070d400000|  0%| F|  |TAMS 0x000000070d200000, 0x000000070d200000| Untracked 
|  24|0x000000070d400000, 0x000000070d400000, 0x000000070d600000|  0%| F|  |TAMS 0x000000070d400000, 0x000000070d400000| Untracked 
|  25|0x000000070d600000, 0x000000070d600000, 0x000000070d800000|  0%| F|  |TAMS 0x000000070d600000, 0x000000070d600000| Untracked 
|  26|0x000000070d800000, 0x000000070d800000, 0x000000070da00000|  0%| F|  |TAMS 0x000000070d800000, 0x000000070d800000| Untracked 
|  27|0x000000070da00000, 0x000000070da00000, 0x000000070dc00000|  0%| F|  |TAMS 0x000000070da00000, 0x000000070da00000| Untracked 
|  28|0x000000070dc00000, 0x000000070dc00000, 0x000000070de00000|  0%| F|  |TAMS 0x000000070dc00000, 0x000000070dc00000| Untracked 
|  29|0x000000070de00000, 0x000000070de00000, 0x000000070e000000|  0%| F|  |TAMS 0x000000070de00000, 0x000000070de00000| Untracked 
|  30|0x000000070e000000, 0x000000070e000000, 0x000000070e200000|  0%| F|  |TAMS 0x000000070e000000, 0x000000070e000000| Untracked 
|  31|0x000000070e200000, 0x000000070e200000, 0x000000070e400000|  0%| F|  |TAMS 0x000000070e200000, 0x000000070e200000| Untracked 
|  32|0x000000070e400000, 0x000000070e400000, 0x000000070e600000|  0%| F|  |TAMS 0x000000070e400000, 0x000000070e400000| Untracked 
|  33|0x000000070e600000, 0x000000070e600000, 0x000000070e800000|  0%| F|  |TAMS 0x000000070e600000, 0x000000070e600000| Untracked 
|  34|0x000000070e800000, 0x000000070e800000, 0x000000070ea00000|  0%| F|  |TAMS 0x000000070e800000, 0x000000070e800000| Untracked 
|  35|0x000000070ea00000, 0x000000070ea00000, 0x000000070ec00000|  0%| F|  |TAMS 0x000000070ea00000, 0x000000070ea00000| Untracked 
|  36|0x000000070ec00000, 0x000000070ec00000, 0x000000070ee00000|  0%| F|  |TAMS 0x000000070ec00000, 0x000000070ec00000| Untracked 
|  37|0x000000070ee00000, 0x000000070ee00000, 0x000000070f000000|  0%| F|  |TAMS 0x000000070ee00000, 0x000000070ee00000| Untracked 
|  38|0x000000070f000000, 0x000000070f000000, 0x000000070f200000|  0%| F|  |TAMS 0x000000070f000000, 0x000000070f000000| Untracked 
|  39|0x000000070f200000, 0x000000070f200000, 0x000000070f400000|  0%| F|  |TAMS 0x000000070f200000, 0x000000070f200000| Untracked 
|  40|0x000000070f400000, 0x000000070f400000, 0x000000070f600000|  0%| F|  |TAMS 0x000000070f400000, 0x000000070f400000| Untracked 
|  41|0x000000070f600000, 0x000000070f600000, 0x000000070f800000|  0%| F|  |TAMS 0x000000070f600000, 0x000000070f600000| Untracked 
|  42|0x000000070f800000, 0x000000070f800000, 0x000000070fa00000|  0%| F|  |TAMS 0x000000070f800000, 0x000000070f800000| Untracked 
|  43|0x000000070fa00000, 0x000000070fa00000, 0x000000070fc00000|  0%| F|  |TAMS 0x000000070fa00000, 0x000000070fa00000| Untracked 
|  44|0x000000070fc00000, 0x000000070fc00000, 0x000000070fe00000|  0%| F|  |TAMS 0x000000070fc00000, 0x000000070fc00000| Untracked 
|  45|0x000000070fe00000, 0x000000070fe00000, 0x0000000710000000|  0%| F|  |TAMS 0x000000070fe00000, 0x000000070fe00000| Untracked 
|  46|0x0000000710000000, 0x0000000710000000, 0x0000000710200000|  0%| F|  |TAMS 0x0000000710000000, 0x0000000710000000| Untracked 
|  47|0x0000000710200000, 0x0000000710200000, 0x0000000710400000|  0%| F|  |TAMS 0x0000000710200000, 0x0000000710200000| Untracked 
|  48|0x0000000710400000, 0x0000000710400000, 0x0000000710600000|  0%| F|  |TAMS 0x0000000710400000, 0x0000000710400000| Untracked 
|  49|0x0000000710600000, 0x0000000710600000, 0x0000000710800000|  0%| F|  |TAMS 0x0000000710600000, 0x0000000710600000| Untracked 
|  50|0x0000000710800000, 0x0000000710800000, 0x0000000710a00000|  0%| F|  |TAMS 0x0000000710800000, 0x0000000710800000| Untracked 
|  51|0x0000000710a00000, 0x0000000710a00000, 0x0000000710c00000|  0%| F|  |TAMS 0x0000000710a00000, 0x0000000710a00000| Untracked 
|  52|0x0000000710c00000, 0x0000000710c00000, 0x0000000710e00000|  0%| F|  |TAMS 0x0000000710c00000, 0x0000000710c00000| Untracked 
|  53|0x0000000710e00000, 0x0000000710e00000, 0x0000000711000000|  0%| F|  |TAMS 0x0000000710e00000, 0x0000000710e00000| Untracked 
|  54|0x0000000711000000, 0x0000000711000000, 0x0000000711200000|  0%| F|  |TAMS 0x0000000711000000, 0x0000000711000000| Untracked 
|  55|0x0000000711200000, 0x0000000711200000, 0x0000000711400000|  0%| F|  |TAMS 0x0000000711200000, 0x0000000711200000| Untracked 
|  56|0x0000000711400000, 0x0000000711400000, 0x0000000711600000|  0%| F|  |TAMS 0x0000000711400000, 0x0000000711400000| Untracked 
|  57|0x0000000711600000, 0x0000000711600000, 0x0000000711800000|  0%| F|  |TAMS 0x0000000711600000, 0x0000000711600000| Untracked 
|  58|0x0000000711800000, 0x0000000711800000, 0x0000000711a00000|  0%| F|  |TAMS 0x0000000711800000, 0x0000000711800000| Untracked 
|  59|0x0000000711a00000, 0x0000000711a00000, 0x0000000711c00000|  0%| F|  |TAMS 0x0000000711a00000, 0x0000000711a00000| Untracked 
|  60|0x0000000711c00000, 0x0000000711c00000, 0x0000000711e00000|  0%| F|  |TAMS 0x0000000711c00000, 0x0000000711c00000| Untracked 
|  61|0x0000000711e00000, 0x0000000711e00000, 0x0000000712000000|  0%| F|  |TAMS 0x0000000711e00000, 0x0000000711e00000| Untracked 
|  62|0x0000000712000000, 0x0000000712000000, 0x0000000712200000|  0%| F|  |TAMS 0x0000000712000000, 0x0000000712000000| Untracked 
|  63|0x0000000712200000, 0x0000000712200000, 0x0000000712400000|  0%| F|  |TAMS 0x0000000712200000, 0x0000000712200000| Untracked 
|  64|0x0000000712400000, 0x0000000712400000, 0x0000000712600000|  0%| F|  |TAMS 0x0000000712400000, 0x0000000712400000| Untracked 
|  65|0x0000000712600000, 0x0000000712600000, 0x0000000712800000|  0%| F|  |TAMS 0x0000000712600000, 0x0000000712600000| Untracked 
|  66|0x0000000712800000, 0x0000000712800000, 0x0000000712a00000|  0%| F|  |TAMS 0x0000000712800000, 0x0000000712800000| Untracked 
|  67|0x0000000712a00000, 0x0000000712a00000, 0x0000000712c00000|  0%| F|  |TAMS 0x0000000712a00000, 0x0000000712a00000| Untracked 
|  68|0x0000000712c00000, 0x0000000712c00000, 0x0000000712e00000|  0%| F|  |TAMS 0x0000000712c00000, 0x0000000712c00000| Untracked 
|  69|0x0000000712e00000, 0x0000000712e00000, 0x0000000713000000|  0%| F|  |TAMS 0x0000000712e00000, 0x0000000712e00000| Untracked 
|  70|0x0000000713000000, 0x0000000713000000, 0x0000000713200000|  0%| F|  |TAMS 0x0000000713000000, 0x0000000713000000| Untracked 
|  71|0x0000000713200000, 0x0000000713200000, 0x0000000713400000|  0%| F|  |TAMS 0x0000000713200000, 0x0000000713200000| Untracked 
|  72|0x0000000713400000, 0x0000000713400000, 0x0000000713600000|  0%| F|  |TAMS 0x0000000713400000, 0x0000000713400000| Untracked 
|  73|0x0000000713600000, 0x0000000713600000, 0x0000000713800000|  0%| F|  |TAMS 0x0000000713600000, 0x0000000713600000| Untracked 
|  74|0x0000000713800000, 0x0000000713800000, 0x0000000713a00000|  0%| F|  |TAMS 0x0000000713800000, 0x0000000713800000| Untracked 
|  75|0x0000000713a00000, 0x0000000713a00000, 0x0000000713c00000|  0%| F|  |TAMS 0x0000000713a00000, 0x0000000713a00000| Untracked 
|  76|0x0000000713c00000, 0x0000000713c00000, 0x0000000713e00000|  0%| F|  |TAMS 0x0000000713c00000, 0x0000000713c00000| Untracked 
|  77|0x0000000713e00000, 0x0000000713e00000, 0x0000000714000000|  0%| F|  |TAMS 0x0000000713e00000, 0x0000000713e00000| Untracked 
|  78|0x0000000714000000, 0x0000000714000000, 0x0000000714200000|  0%| F|  |TAMS 0x0000000714000000, 0x0000000714000000| Untracked 
|  79|0x0000000714200000, 0x0000000714200000, 0x0000000714400000|  0%| F|  |TAMS 0x0000000714200000, 0x0000000714200000| Untracked 
|  80|0x0000000714400000, 0x0000000714400000, 0x0000000714600000|  0%| F|  |TAMS 0x0000000714400000, 0x0000000714400000| Untracked 
|  81|0x0000000714600000, 0x0000000714600000, 0x0000000714800000|  0%| F|  |TAMS 0x0000000714600000, 0x0000000714600000| Untracked 
|  82|0x0000000714800000, 0x0000000714800000, 0x0000000714a00000|  0%| F|  |TAMS 0x0000000714800000, 0x0000000714800000| Untracked 
|  83|0x0000000714a00000, 0x0000000714a00000, 0x0000000714c00000|  0%| F|  |TAMS 0x0000000714a00000, 0x0000000714a00000| Untracked 
|  84|0x0000000714c00000, 0x0000000714c00000, 0x0000000714e00000|  0%| F|  |TAMS 0x0000000714c00000, 0x0000000714c00000| Untracked 
|  85|0x0000000714e00000, 0x0000000714e00000, 0x0000000715000000|  0%| F|  |TAMS 0x0000000714e00000, 0x0000000714e00000| Untracked 
|  86|0x0000000715000000, 0x0000000715000000, 0x0000000715200000|  0%| F|  |TAMS 0x0000000715000000, 0x0000000715000000| Untracked 
|  87|0x0000000715200000, 0x0000000715200000, 0x0000000715400000|  0%| F|  |TAMS 0x0000000715200000, 0x0000000715200000| Untracked 
|  88|0x0000000715400000, 0x0000000715400000, 0x0000000715600000|  0%| F|  |TAMS 0x0000000715400000, 0x0000000715400000| Untracked 
|  89|0x0000000715600000, 0x0000000715600000, 0x0000000715800000|  0%| F|  |TAMS 0x0000000715600000, 0x0000000715600000| Untracked 
|  90|0x0000000715800000, 0x0000000715800000, 0x0000000715a00000|  0%| F|  |TAMS 0x0000000715800000, 0x0000000715800000| Untracked 
|  91|0x0000000715a00000, 0x0000000715a00000, 0x0000000715c00000|  0%| F|  |TAMS 0x0000000715a00000, 0x0000000715a00000| Untracked 
|  92|0x0000000715c00000, 0x0000000715c00000, 0x0000000715e00000|  0%| F|  |TAMS 0x0000000715c00000, 0x0000000715c00000| Untracked 
|  93|0x0000000715e00000, 0x0000000715e00000, 0x0000000716000000|  0%| F|  |TAMS 0x0000000715e00000, 0x0000000715e00000| Untracked 
|  94|0x0000000716000000, 0x0000000716000000, 0x0000000716200000|  0%| F|  |TAMS 0x0000000716000000, 0x0000000716000000| Untracked 
|  95|0x0000000716200000, 0x0000000716200000, 0x0000000716400000|  0%| F|  |TAMS 0x0000000716200000, 0x0000000716200000| Untracked 
|  96|0x0000000716400000, 0x0000000716400000, 0x0000000716600000|  0%| F|  |TAMS 0x0000000716400000, 0x0000000716400000| Untracked 
|  97|0x0000000716600000, 0x0000000716600000, 0x0000000716800000|  0%| F|  |TAMS 0x0000000716600000, 0x0000000716600000| Untracked 
|  98|0x0000000716800000, 0x0000000716800000, 0x0000000716a00000|  0%| F|  |TAMS 0x0000000716800000, 0x0000000716800000| Untracked 
|  99|0x0000000716a00000, 0x0000000716a00000, 0x0000000716c00000|  0%| F|  |TAMS 0x0000000716a00000, 0x0000000716a00000| Untracked 
| 100|0x0000000716c00000, 0x0000000716c00000, 0x0000000716e00000|  0%| F|  |TAMS 0x0000000716c00000, 0x0000000716c00000| Untracked 
| 101|0x0000000716e00000, 0x0000000716e00000, 0x0000000717000000|  0%| F|  |TAMS 0x0000000716e00000, 0x0000000716e00000| Untracked 
| 102|0x0000000717000000, 0x0000000717000000, 0x0000000717200000|  0%| F|  |TAMS 0x0000000717000000, 0x0000000717000000| Untracked 
| 103|0x0000000717200000, 0x0000000717200000, 0x0000000717400000|  0%| F|  |TAMS 0x0000000717200000, 0x0000000717200000| Untracked 
| 104|0x0000000717400000, 0x0000000717400000, 0x0000000717600000|  0%| F|  |TAMS 0x0000000717400000, 0x0000000717400000| Untracked 
| 105|0x0000000717600000, 0x0000000717600000, 0x0000000717800000|  0%| F|  |TAMS 0x0000000717600000, 0x0000000717600000| Untracked 
| 106|0x0000000717800000, 0x0000000717800000, 0x0000000717a00000|  0%| F|  |TAMS 0x0000000717800000, 0x0000000717800000| Untracked 
| 107|0x0000000717a00000, 0x0000000717a00000, 0x0000000717c00000|  0%| F|  |TAMS 0x0000000717a00000, 0x0000000717a00000| Untracked 
| 108|0x0000000717c00000, 0x0000000717c00000, 0x0000000717e00000|  0%| F|  |TAMS 0x0000000717c00000, 0x0000000717c00000| Untracked 
| 109|0x0000000717e00000, 0x0000000717e00000, 0x0000000718000000|  0%| F|  |TAMS 0x0000000717e00000, 0x0000000717e00000| Untracked 
| 110|0x0000000718000000, 0x0000000718200000, 0x0000000718200000|100%| S|CS|TAMS 0x0000000718000000, 0x0000000718000000| Complete 
| 111|0x0000000718200000, 0x0000000718400000, 0x0000000718400000|100%| S|CS|TAMS 0x0000000718200000, 0x0000000718200000| Complete 
| 112|0x0000000718400000, 0x0000000718400000, 0x0000000718600000|  0%| F|  |TAMS 0x0000000718400000, 0x0000000718400000| Untracked 
| 113|0x0000000718600000, 0x0000000718600000, 0x0000000718800000|  0%| F|  |TAMS 0x0000000718600000, 0x0000000718600000| Untracked 
| 114|0x0000000718800000, 0x0000000718800000, 0x0000000718a00000|  0%| F|  |TAMS 0x0000000718800000, 0x0000000718800000| Untracked 
| 115|0x0000000718a00000, 0x0000000718a00000, 0x0000000718c00000|  0%| F|  |TAMS 0x0000000718a00000, 0x0000000718a00000| Untracked 
| 116|0x0000000718c00000, 0x0000000718c00000, 0x0000000718e00000|  0%| F|  |TAMS 0x0000000718c00000, 0x0000000718c00000| Untracked 
| 117|0x0000000718e00000, 0x0000000718e00000, 0x0000000719000000|  0%| F|  |TAMS 0x0000000718e00000, 0x0000000718e00000| Untracked 
| 118|0x0000000719000000, 0x0000000719000000, 0x0000000719200000|  0%| F|  |TAMS 0x0000000719000000, 0x0000000719000000| Untracked 
| 119|0x0000000719200000, 0x0000000719200000, 0x0000000719400000|  0%| F|  |TAMS 0x0000000719200000, 0x0000000719200000| Untracked 
| 120|0x0000000719400000, 0x0000000719400000, 0x0000000719600000|  0%| F|  |TAMS 0x0000000719400000, 0x0000000719400000| Untracked 
| 121|0x0000000719600000, 0x0000000719600000, 0x0000000719800000|  0%| F|  |TAMS 0x0000000719600000, 0x0000000719600000| Untracked 
| 122|0x0000000719800000, 0x00000007199db4a0, 0x0000000719a00000| 92%| E|  |TAMS 0x0000000719800000, 0x0000000719800000| Complete 

Card table byte_map: [0x000002703ba10000,0x000002703c1c0000] _byte_map_base: 0x00000270381be000

Marking Bits (Prev, Next): (CMBitMap*) 0x00000270303af4a0, (CMBitMap*) 0x00000270303af4e0
 Prev Bits: [0x000002703c970000, 0x00000270406e0000)
 Next Bits: [0x00000270406e0000, 0x0000027044450000)

Polling page: 0x000002702e2c0000

Metaspace:

Usage:
  Non-class:      6.21 MB used.
      Class:    920.58 KB used.
       Both:      7.11 MB used.

Virtual space:
  Non-class space:       64.00 MB reserved,       6.25 MB ( 10%) committed,  1 nodes.
      Class space:        1.00 GB reserved,       1.00 MB ( <1%) committed,  1 nodes.
             Both:        1.06 GB reserved,       7.25 MB ( <1%) committed. 

Chunk freelists:
   Non-Class:  8.98 MB
       Class:  14.94 MB
        Both:  23.92 MB

MaxMetaspaceSize: unlimited
CompressedClassSpaceSize: 1.00 GB
Initial GC threshold: 21.00 MB
Current GC threshold: 21.00 MB
CDS: on
MetaspaceReclaimPolicy: balanced
 - commit_granule_bytes: 65536.
 - commit_granule_words: 8192.
 - virtual_space_node_default_size: 8388608.
 - enlarge_chunks_in_place: 1.
 - new_chunks_are_fully_committed: 0.
 - uncommit_free_chunks: 1.
 - use_allocation_guard: 0.
 - handle_deallocations: 1.


Internal statistics:

num_allocs_failed_limit: 0.
num_arena_births: 116.
num_arena_deaths: 0.
num_vsnodes_births: 2.
num_vsnodes_deaths: 0.
num_space_committed: 116.
num_space_uncommitted: 0.
num_chunks_returned_to_freelist: 0.
num_chunks_taken_from_freelist: 235.
num_chunk_merges: 0.
num_chunk_splits: 159.
num_chunks_enlarged: 115.
num_inconsistent_stats: 0.

CodeCache: size=49152Kb used=4730Kb max_used=4730Kb free=44421Kb
 bounds [0x0000027037bf0000, 0x0000027038090000, 0x000002703abf0000]
 total_blobs=1764 nmethods=1313 adapters=376
 compilation: enabled
              stopped_count=0, restarted_count=0
 full_count=0

Compilation events (20 events):
Event: 0.971 Thread 0x0000027047601030 nmethod 1301 0x000002703808b410 code [0x000002703808b5a0, 0x000002703808b678]
Event: 0.971 Thread 0x0000027047600a60 nmethod 1303 0x000002703808b710 code [0x000002703808b900, 0x000002703808bc68]
Event: 0.977 Thread 0x0000027047600a60 1304       1       jdk.internal.org.objectweb.asm.ClassReader::readUtf (161 bytes)
Event: 0.977 Thread 0x0000027047600a60 nmethod 1304 0x000002703808be10 code [0x000002703808bfe0, 0x000002703808c338]
Event: 0.980 Thread 0x000002708d378100 1306       1       org.springframework.util.Assert::notNull (14 bytes)
Event: 0.980 Thread 0x000002708d378100 nmethod 1306 0x000002703808c910 code [0x000002703808caa0, 0x000002703808cbe8]
Event: 0.980 Thread 0x0000027047515790 1307       1       sun.reflect.generics.tree.ClassTypeSignature::getPath (5 bytes)
Event: 0.980 Thread 0x000002708d378100 1308       1       sun.reflect.generics.tree.SimpleClassTypeSignature::getName (5 bytes)
Event: 0.980 Thread 0x0000027047601030 1309       1       sun.reflect.generics.tree.SimpleClassTypeSignature::getDollar (5 bytes)
Event: 0.980 Thread 0x0000027047515790 nmethod 1307 0x000002703808cc90 code [0x000002703808ce20, 0x000002703808cef8]
Event: 0.980 Thread 0x000002708d378100 nmethod 1308 0x000002703808cf90 code [0x000002703808d120, 0x000002703808d1f8]
Event: 0.980 Thread 0x0000027047601030 nmethod 1309 0x000002703808d290 code [0x000002703808d420, 0x000002703808d4f8]
Event: 0.982 Thread 0x0000027047515790 1310       1       java.util.RegularEnumSet::contains (57 bytes)
Event: 0.982 Thread 0x000002708d378100 1311   !   1       org.springframework.util.ConcurrentReferenceHashMap$Segment::clear (69 bytes)
Event: 0.983 Thread 0x0000027047601030 1312       1       org.springframework.core.ResolvableType::resolve (5 bytes)
Event: 0.983 Thread 0x0000027047515790 nmethod 1310 0x000002703808d590 code [0x000002703808d740, 0x000002703808d968]
Event: 0.983 Thread 0x0000027047601030 nmethod 1312 0x000002703808da90 code [0x000002703808dc20, 0x000002703808dcf8]
Event: 0.983 Thread 0x000002708d378100 nmethod 1311 0x000002703808dd90 code [0x000002703808dfa0, 0x000002703808e468]
Event: 0.985 Thread 0x0000027047515790 1313       1       java.util.Collections$1::hasNext (5 bytes)
Event: 0.985 Thread 0x0000027047515790 nmethod 1313 0x000002703808e790 code [0x000002703808e920, 0x000002703808e9f8]

GC Heap History (2 events):
Event: 0.929 GC heap before
{Heap before GC invocations=0 (full 0):
 garbage-first heap   total 251904K, used 20480K [0x000000070a400000, 0x0000000800000000)
  region size 2048K, 11 young (22528K), 0 survivors (0K)
 Metaspace       used 6794K, committed 7040K, reserved 1114112K
  class space    used 849K, committed 960K, reserved 1048576K
}
Event: 0.951 GC heap after
{Heap after GC invocations=1 (full 0):
 garbage-first heap   total 251904K, used 6818K [0x000000070a400000, 0x0000000800000000)
  region size 2048K, 2 young (4096K), 2 survivors (4096K)
 Metaspace       used 6794K, committed 7040K, reserved 1114112K
  class space    used 849K, committed 960K, reserved 1048576K
}

Deoptimization events (0 events):
No events

Classes unloaded (0 events):
No events

Classes redefined (0 events):
No events

Internal exceptions (20 events):
Event: 0.273 Thread 0x00000270303433a0 Exception <a 'java/lang/NoSuchMethodError'{0x0000000719345930}: 'int java.lang.invoke.DirectMethodHandle$Holder.invokeInterface(java.lang.Object, java.lang.Object)'> (0x0000000719345930) 
thrown [s\open\src\hotspot\share\interpreter\linkResolver.cpp, line 759]
Event: 0.274 Thread 0x00000270303433a0 Exception <a 'java/lang/IncompatibleClassChangeError'{0x0000000719348f30}: Found class java.lang.Object, but interface was expected> (0x0000000719348f30) 
thrown [s\open\src\hotspot\share\interpreter\linkResolver.cpp, line 826]
Event: 0.275 Thread 0x00000270303433a0 Exception <a 'java/lang/NoSuchMethodError'{0x000000071934eb70}: 'void java.lang.invoke.DirectMethodHandle$Holder.invokeStatic(java.lang.Object, java.lang.Object)'> (0x000000071934eb70) 
thrown [s\open\src\hotspot\share\interpreter\linkResolver.cpp, line 759]
Event: 0.340 Thread 0x00000270303433a0 Exception <a 'java/lang/NoSuchMethodError'{0x000000071901bab8}: 'int java.lang.invoke.DirectMethodHandle$Holder.invokeSpecial(java.lang.Object, java.lang.Object, java.lang.Object)'> (0x000000071901bab8) 
thrown [s\open\src\hotspot\share\interpreter\linkResolver.cpp, line 759]
Event: 0.397 Thread 0x00000270303433a0 Exception <a 'java/lang/NoSuchMethodError'{0x0000000719119770}: 'void java.lang.invoke.DirectMethodHandle$Holder.invokeStatic(java.lang.Object, java.lang.Object, java.lang.Object)'> (0x0000000719119770) 
thrown [s\open\src\hotspot\share\interpreter\linkResolver.cpp, line 759]
Event: 0.431 Thread 0x00000270303433a0 Exception <a 'java/lang/NoSuchMethodError'{0x000000071915db80}: 'int java.lang.invoke.DirectMethodHandle$Holder.invokeSpecialIFC(java.lang.Object, java.lang.Object, java.lang.Object)'> (0x000000071915db80) 
thrown [s\open\src\hotspot\share\interpreter\linkResolver.cpp, line 759]
Event: 0.467 Thread 0x00000270303433a0 Exception <a 'java/lang/NoSuchMethodError'{0x00000007191d3b60}: 'java.lang.Object java.lang.invoke.DirectMethodHandle$Holder.invokeStaticInit(java.lang.Object, int, int, int, int)'> (0x00000007191d3b60) 
thrown [s\open\src\hotspot\share\interpreter\linkResolver.cpp, line 759]
Event: 0.555 Thread 0x00000270303433a0 Exception <a 'java/lang/NoSuchMethodError'{0x0000000718e9cb68}: 'java.lang.Object java.lang.invoke.DirectMethodHandle$Holder.invokeStaticInit(java.lang.Object, java.lang.Object, int, int, int, int)'> (0x0000000718e9cb68) 
thrown [s\open\src\hotspot\share\interpreter\linkResolver.cpp, line 759]
Event: 0.566 Thread 0x00000270303433a0 Exception <a 'java/lang/ClassNotFoundException'{0x0000000718eb82e0}: javax/management/remote/rmi/RMIServerImpl_Skel> (0x0000000718eb82e0) 
thrown [s\open\src\hotspot\share\classfile\systemDictionary.cpp, line 256]
Event: 0.612 Thread 0x00000270303433a0 Exception <a 'java/lang/ClassNotFoundException'{0x0000000718c04030}: jdk/internal/agent/resources/spi/agentProvider> (0x0000000718c04030) 
thrown [s\open\src\hotspot\share\classfile\systemDictionary.cpp, line 256]
Event: 0.698 Thread 0x00000270303433a0 Exception <a 'java/lang/ClassNotFoundException'{0x0000000718a62298}: javax/smartcardio/CardPermission> (0x0000000718a62298) 
thrown [s\open\src\hotspot\share\classfile\systemDictionary.cpp, line 256]
Event: 0.702 Thread 0x00000270303433a0 Exception <a 'java/io/FileNotFoundException'{0x0000000718a70808}> (0x0000000718a70808) 
thrown [s\open\src\hotspot\share\prims\jni.cpp, line 516]
Event: 0.803 Thread 0x00000270303433a0 Exception <a 'java/lang/NoSuchMethodError'{0x00000007189add58}: 'java.lang.Object java.lang.invoke.DirectMethodHandle$Holder.invokeSpecialIFC(java.lang.Object, java.lang.Object, java.lang.Object, java.lang.Object)'> (0x00000007189add58) 
thrown [s\open\src\hotspot\share\interpreter\linkResolver.cpp, line 759]
Event: 0.824 Thread 0x00000270303433a0 Exception <a 'java/lang/NoSuchMethodError'{0x000000071864f150}: 'int java.lang.invoke.DirectMethodHandle$Holder.invokeStaticInit(java.lang.Object, java.lang.Object)'> (0x000000071864f150) 
thrown [s\open\src\hotspot\share\interpreter\linkResolver.cpp, line 759]
Event: 0.876 Thread 0x00000270303433a0 Exception <a 'java/lang/NoSuchMethodError'{0x000000071840db90}: 'int java.lang.invoke.DirectMethodHandle$Holder.invokeStaticInit(java.lang.Object, java.lang.Object, java.lang.Object)'> (0x000000071840db90) 
thrown [s\open\src\hotspot\share\interpreter\linkResolver.cpp, line 759]
Event: 0.885 Thread 0x00000270303433a0 Exception <a 'java/lang/NoSuchMethodError'{0x0000000718465568}: 'java.lang.Object java.lang.invoke.DirectMethodHandle$Holder.newInvokeSpecial(java.lang.Object, java.lang.Object, java.lang.Object, java.lang.Object, java.lang.Object)'> (0x0000000718465568) 
thrown [s\open\src\hotspot\share\interpreter\linkResolver.cpp, line 759]
Event: 0.893 Thread 0x00000270303433a0 Exception <a 'java/lang/NoSuchMethodError'{0x00000007184b43c8}: 'java.lang.Object java.lang.invoke.DirectMethodHandle$Holder.invokeStaticInit(java.lang.Object, java.lang.Object, java.lang.Object)'> (0x00000007184b43c8) 
thrown [s\open\src\hotspot\share\interpreter\linkResolver.cpp, line 759]
Event: 0.928 Thread 0x00000270303433a0 Exception <a 'java/lang/NoSuchMethodError'{0x00000007185fc7b8}: 'java.lang.Object java.lang.invoke.DirectMethodHandle$Holder.invokeInterface(java.lang.Object, java.lang.Object, java.lang.Object)'> (0x00000007185fc7b8) 
thrown [s\open\src\hotspot\share\interpreter\linkResolver.cpp, line 759]
Event: 0.929 Thread 0x00000270303433a0 Exception <a 'java/lang/IncompatibleClassChangeError'{0x00000007185ffbd8}: Found class java.lang.Object, but interface was expected> (0x00000007185ffbd8) 
thrown [s\open\src\hotspot\share\interpreter\linkResolver.cpp, line 826]
Event: 0.963 Thread 0x00000270303433a0 Exception <a 'sun/nio/fs/WindowsException'{0x000000071987b410}> (0x000000071987b410) 
thrown [s\open\src\hotspot\share\prims\jni.cpp, line 516]

VM Operations (14 events):
Event: 0.135 Executing VM operation: HandshakeAllThreads
Event: 0.135 Executing VM operation: HandshakeAllThreads done
Event: 0.412 Executing VM operation: HandshakeAllThreads
Event: 0.412 Executing VM operation: HandshakeAllThreads done
Event: 0.450 Executing VM operation: HandshakeAllThreads
Event: 0.450 Executing VM operation: HandshakeAllThreads done
Event: 0.566 Executing VM operation: HandshakeAllThreads
Event: 0.566 Executing VM operation: HandshakeAllThreads done
Event: 0.791 Executing VM operation: HandshakeAllThreads
Event: 0.791 Executing VM operation: HandshakeAllThreads done
Event: 0.929 Executing VM operation: G1CollectForAllocation
Event: 0.951 Executing VM operation: G1CollectForAllocation done
Event: 0.965 Executing VM operation: HandshakeAllThreads
Event: 0.965 Executing VM operation: HandshakeAllThreads done

Events (20 events):
Event: 0.966 loading class java/lang/ProcessEnvironment$CheckedEntrySet$1
Event: 0.966 loading class java/lang/ProcessEnvironment$CheckedEntrySet$1 done
Event: 0.966 loading class java/lang/ProcessEnvironment$CheckedEntry
Event: 0.966 loading class java/lang/ProcessEnvironment$CheckedEntry done
Event: 0.974 loading class java/util/concurrent/CopyOnWriteArraySet
Event: 0.975 loading class java/util/concurrent/CopyOnWriteArraySet done
Event: 0.977 loading class java/util/concurrent/ConcurrentLinkedDeque
Event: 0.977 loading class java/util/concurrent/ConcurrentLinkedDeque done
Event: 0.977 loading class java/util/concurrent/ConcurrentLinkedDeque$Node
Event: 0.977 loading class java/util/concurrent/ConcurrentLinkedDeque$Node done
Event: 0.981 loading class sun/reflect/generics/tree/BottomSignature
Event: 0.981 loading class sun/reflect/generics/tree/BottomSignature done
Event: 0.981 loading class sun/reflect/generics/tree/Wildcard
Event: 0.981 loading class sun/reflect/generics/tree/Wildcard done
Event: 0.981 loading class sun/reflect/generics/reflectiveObjects/WildcardTypeImpl
Event: 0.981 loading class sun/reflect/generics/reflectiveObjects/WildcardTypeImpl done
Event: 0.983 loading class java/util/Currency
Event: 0.983 loading class java/util/Currency done
Event: 0.985 loading class java/util/UUID
Event: 0.985 loading class java/util/UUID done


Dynamic libraries:
0x00007ff6493e0000 - 0x00007ff6493f0000 	C:\Program Files\Java\jdk-17\bin\javaw.exe
0x00007ffb65d10000 - 0x00007ffb65f27000 	C:\Windows\SYSTEM32\ntdll.dll
0x00007ffb64ad0000 - 0x00007ffb64b94000 	C:\Windows\System32\KERNEL32.DLL
0x00007ffb63020000 - 0x00007ffb633d7000 	C:\Windows\System32\KERNELBASE.dll
0x00007ffb63850000 - 0x00007ffb63961000 	C:\Windows\System32\ucrtbase.dll
0x00007ffb5deb0000 - 0x00007ffb5decb000 	C:\Program Files\Java\jdk-17\bin\VCRUNTIME140.dll
0x00007ffb5de90000 - 0x00007ffb5dea9000 	C:\Program Files\Java\jdk-17\bin\jli.dll
0x00007ffb658c0000 - 0x00007ffb65972000 	C:\Windows\System32\ADVAPI32.dll
0x00007ffb65b70000 - 0x00007ffb65c17000 	C:\Windows\System32\msvcrt.dll
0x00007ffb64060000 - 0x00007ffb64108000 	C:\Windows\System32\sechost.dll
0x00007ffb63970000 - 0x00007ffb63998000 	C:\Windows\System32\bcrypt.dll
0x00007ffb649b0000 - 0x00007ffb64ac4000 	C:\Windows\System32\RPCRT4.dll
0x00007ffb63ea0000 - 0x00007ffb6404f000 	C:\Windows\System32\USER32.dll
0x00007ffb4f9f0000 - 0x00007ffb4fc83000 	C:\Windows\WinSxS\amd64_microsoft.windows.common-controls_6595b64144ccf1df_6.0.22621.3672_none_2713b9d173822955\COMCTL32.dll
0x00007ffb63590000 - 0x00007ffb635b6000 	C:\Windows\System32\win32u.dll
0x00007ffb63e70000 - 0x00007ffb63e99000 	C:\Windows\System32\GDI32.dll
0x00007ffb635c0000 - 0x00007ffb636d8000 	C:\Windows\System32\gdi32full.dll
0x00007ffb5a260000 - 0x00007ffb5a26a000 	C:\Windows\SYSTEM32\VERSION.dll
0x00007ffb639a0000 - 0x00007ffb63a3a000 	C:\Windows\System32\msvcp_win.dll
0x00007ffb657f0000 - 0x00007ffb65821000 	C:\Windows\System32\IMM32.DLL
0x00007ffb5e680000 - 0x00007ffb5e68c000 	C:\Program Files\Java\jdk-17\bin\vcruntime140_1.dll
0x00007ffb553e0000 - 0x00007ffb5546e000 	C:\Program Files\Java\jdk-17\bin\msvcp140.dll
0x00007ffb1ac40000 - 0x00007ffb1b820000 	C:\Program Files\Java\jdk-17\bin\server\jvm.dll
0x00007ffb64050000 - 0x00007ffb64058000 	C:\Windows\System32\PSAPI.DLL
0x00007ffb5e5a0000 - 0x00007ffb5e5d4000 	C:\Windows\SYSTEM32\WINMM.dll
0x00007ffb341d0000 - 0x00007ffb341d9000 	C:\Windows\SYSTEM32\WSOCK32.dll
0x00007ffb63a40000 - 0x00007ffb63ab1000 	C:\Windows\System32\ws2_32.DLL
0x00007ffb62070000 - 0x00007ffb62088000 	C:\Windows\SYSTEM32\kernel.appcore.dll
0x00007ffb5e640000 - 0x00007ffb5e64a000 	C:\Program Files\Java\jdk-17\bin\jimage.dll
0x00007ffb5ac30000 - 0x00007ffb5ae62000 	C:\Windows\SYSTEM32\DBGHELP.DLL
0x00007ffb63ae0000 - 0x00007ffb63e6e000 	C:\Windows\System32\combase.dll
0x00007ffb65980000 - 0x00007ffb65a57000 	C:\Windows\System32\OLEAUT32.dll
0x00007ffb4ee20000 - 0x00007ffb4ee52000 	C:\Windows\SYSTEM32\dbgcore.DLL
0x00007ffb633e0000 - 0x00007ffb6345b000 	C:\Windows\System32\bcryptPrimitives.dll
0x00007ffb555e0000 - 0x00007ffb55605000 	C:\Program Files\Java\jdk-17\bin\java.dll
0x00007ffb550b0000 - 0x00007ffb55187000 	C:\Program Files\Java\jdk-17\bin\jsvml.dll
0x00007ffb64e10000 - 0x00007ffb65679000 	C:\Windows\System32\SHELL32.dll
0x00007ffb60f50000 - 0x00007ffb6184f000 	C:\Windows\SYSTEM32\windows.storage.dll
0x00007ffb60e10000 - 0x00007ffb60f4f000 	C:\Windows\SYSTEM32\wintypes.dll
0x00007ffb65a60000 - 0x00007ffb65b59000 	C:\Windows\System32\SHCORE.dll
0x00007ffb64ba0000 - 0x00007ffb64bfe000 	C:\Windows\System32\shlwapi.dll
0x00007ffb62f50000 - 0x00007ffb62f77000 	C:\Windows\SYSTEM32\profapi.dll
0x00007ffb5c1f0000 - 0x00007ffb5c209000 	C:\Program Files\Java\jdk-17\bin\net.dll
0x00007ffb5f990000 - 0x00007ffb5fac6000 	C:\Windows\SYSTEM32\WINHTTP.dll
0x00007ffb624e0000 - 0x00007ffb62549000 	C:\Windows\system32\mswsock.dll
0x00007ffb555c0000 - 0x00007ffb555d6000 	C:\Program Files\Java\jdk-17\bin\nio.dll
0x00007ffb553c0000 - 0x00007ffb553d8000 	C:\Program Files\Java\jdk-17\bin\zip.dll
0x00007ffb5de80000 - 0x00007ffb5de8a000 	C:\Program Files\Java\jdk-17\bin\management.dll
0x00007ffb5c1a0000 - 0x00007ffb5c1ab000 	C:\Program Files\Java\jdk-17\bin\management_ext.dll
0x00007ffb37c70000 - 0x00007ffb37c87000 	C:\Windows\system32\napinsp.dll
0x00007ffb37aa0000 - 0x00007ffb37abb000 	C:\Windows\system32\pnrpnsp.dll
0x00007ffb61ad0000 - 0x00007ffb61bd2000 	C:\Windows\SYSTEM32\DNSAPI.dll
0x00007ffb61aa0000 - 0x00007ffb61acd000 	C:\Windows\SYSTEM32\IPHLPAPI.DLL
0x00007ffb642e0000 - 0x00007ffb642e9000 	C:\Windows\System32\NSI.dll
0x00007ffb37a80000 - 0x00007ffb37a91000 	C:\Windows\System32\winrnr.dll
0x00007ffb37a60000 - 0x00007ffb37a75000 	C:\Windows\system32\wshbth.dll
0x00007ffb37a30000 - 0x00007ffb37a57000 	C:\Windows\system32\nlansp_c.dll
0x000000005cd90000 - 0x000000005cd9b000 	C:\Program Files\National Instruments\Shared\mDNS Responder\nimdnsNSP.dll
0x000000005cd70000 - 0x000000005cd81000 	C:\Windows\SYSTEM32\nimdnsResponder.dll
0x00007ffb5e930000 - 0x00007ffb5e93a000 	C:\Windows\System32\rasadhlp.dll
0x00007ffb5e990000 - 0x00007ffb5ea13000 	C:\Windows\System32\fwpuclnt.dll
0x00007ffb62730000 - 0x00007ffb6274b000 	C:\Windows\SYSTEM32\CRYPTSP.dll
0x00007ffb61fd0000 - 0x00007ffb62005000 	C:\Windows\system32\rsaenh.dll
0x00007ffb625d0000 - 0x00007ffb625f8000 	C:\Windows\SYSTEM32\USERENV.dll
0x00007ffb62750000 - 0x00007ffb6275c000 	C:\Windows\SYSTEM32\CRYPTBASE.dll
0x00007ffb5f8c0000 - 0x00007ffb5f8d9000 	C:\Windows\SYSTEM32\dhcpcsvc6.DLL
0x00007ffb5f8a0000 - 0x00007ffb5f8bf000 	C:\Windows\SYSTEM32\dhcpcsvc.DLL
0x00007ffb55660000 - 0x00007ffb55670000 	C:\Program Files\Java\jdk-17\bin\verify.dll

dbghelp: loaded successfully - version: 4.0.5 - missing functions: none
symbol engine: initialized successfully - sym options: 0x614 - pdb path: .;C:\Program Files\Java\jdk-17\bin;C:\Windows\SYSTEM32;C:\Windows\WinSxS\amd64_microsoft.windows.common-controls_6595b64144ccf1df_6.0.22621.3672_none_2713b9d173822955;C:\Program Files\Java\jdk-17\bin\server;C:\Program Files\National Instruments\Shared\mDNS Responder

VM Arguments:
jvm_args: -Dcom.sun.management.jmxremote -Dcom.sun.management.jmxremote.port=54391 -Dcom.sun.management.jmxremote.authenticate=false -Dcom.sun.management.jmxremote.ssl=false -Djava.rmi.server.hostname=localhost -Dspring.jmx.enabled=true -Dmanagement.endpoints.jmx.exposure.include=* -Dspring.application.admin.enabled=true -XX:TieredStopAtLevel=1 -Dspring.boot.project.name=springboot_postgre -Dfile.encoding=UTF-8 -Dstdout.encoding=UTF-8 -Dstderr.encoding=UTF-8 -XX:+ShowCodeDetailsInExceptionMessages 
java_command: com.mario.springboot.practica.SpringbootPostgreApplication --spring.output.ansi.enabled=always
java_class_path (initial): D:\workspace\springboot_postgre\target\classes;C:\Users\PERSONAL\.m2\repository\org\springframework\boot\spring-boot-starter-data-jpa\2.7.8\spring-boot-starter-data-jpa-2.7.8.jar;C:\Users\PERSONAL\.m2\repository\org\springframework\boot\spring-boot-starter-aop\2.7.8\spring-boot-starter-aop-2.7.8.jar;C:\Users\PERSONAL\.m2\repository\org\springframework\spring-aop\5.3.25\spring-aop-5.3.25.jar;C:\Users\PERSONAL\.m2\repository\org\aspectj\aspectjweaver\1.9.7\aspectjweaver-1.9.7.jar;C:\Users\PERSONAL\.m2\repository\org\springframework\boot\spring-boot-starter-jdbc\2.7.8\spring-boot-starter-jdbc-2.7.8.jar;C:\Users\PERSONAL\.m2\repository\com\zaxxer\HikariCP\4.0.3\HikariCP-4.0.3.jar;C:\Users\PERSONAL\.m2\repository\org\springframework\spring-jdbc\5.3.25\spring-jdbc-5.3.25.jar;C:\Users\PERSONAL\.m2\repository\jakarta\transaction\jakarta.transaction-api\1.3.3\jakarta.transaction-api-1.3.3.jar;C:\Users\PERSONAL\.m2\repository\jakarta\persistence\jakarta.persistence-api\2.2.3\jakarta.persistence-api-2.2.3.jar;C:\Users\PERSONAL\.m2\repository\org\hibernate\hibernate-core\5.6.14.Final\hibernate-core-5.6.14.Final.jar;C:\Users\PERSONAL\.m2\repository\net\bytebuddy\byte-buddy\1.12.22\byte-buddy-1.12.22.jar;C:\Users\PERSONAL\.m2\repository\antlr\antlr\2.7.7\antlr-2.7.7.jar;C:\Users\PERSONAL\.m2\repository\org\jboss\jandex\2.4.2.Final\jandex-2.4.2.Final.jar;C:\Users\PERSONAL\.m2\repository\com\fasterxml\classmate\1.5.1\classmate-1.5.1.jar;C:\Users\PERSONAL\.m2\repository\org\hibernate\common\hibernate-commons-annotations\5.1.2.Final\hibernate-commons-annotations-5.1.2.Final.jar;C:\Users\PERSONAL\.m2\repository\org\glassfish\jaxb\jaxb-runtime\2.3.7\jaxb-runtime-2.3.7.jar;C:\Users\PERSONAL\.m2\repository\org\glassfish\jaxb\txw2\2.3.7\txw2-2.3.7.jar;C:\Users\PERSONAL\.m2\repository\com\sun\istack\istack-commons-runtime\3.0.12\istack-commons-runtime-3.0.12.jar;C:\Users\PERSONAL\.m2\repository\com\sun\activation\jakarta.activation\1.2.2\jakarta.activation-1.2.
Launcher Type: SUN_STANDARD

[Global flags]
     intx CICompilerCount                          = 12                                        {product} {ergonomic}
     uint ConcGCThreads                            = 3                                         {product} {ergonomic}
     uint G1ConcRefinementThreads                  = 13                                        {product} {ergonomic}
   size_t G1HeapRegionSize                         = 2097152                                   {product} {ergonomic}
    uintx GCDrainStackTargetSize                   = 64                                        {product} {ergonomic}
   size_t InitialHeapSize                          = 257949696                                 {product} {ergonomic}
     bool ManagementServer                         = true                                      {product} {command line}
   size_t MarkStackSize                            = 4194304                                   {product} {ergonomic}
   size_t MaxHeapSize                              = 4123000832                                {product} {ergonomic}
   size_t MaxNewSize                               = 2472542208                                {product} {ergonomic}
   size_t MinHeapDeltaBytes                        = 2097152                                   {product} {ergonomic}
   size_t MinHeapSize                              = 8388608                                   {product} {ergonomic}
    uintx NonProfiledCodeHeapSize                  = 0                                      {pd product} {ergonomic}
     bool ProfileInterpreter                       = false                                  {pd product} {command line}
    uintx ProfiledCodeHeapSize                     = 0                                      {pd product} {ergonomic}
     bool ShowCodeDetailsInExceptionMessages       = true                                   {manageable} {command line}
   size_t SoftMaxHeapSize                          = 4123000832                             {manageable} {ergonomic}
     intx TieredStopAtLevel                        = 1                                         {product} {command line}
     bool UseCompressedClassPointers               = true                           {product lp64_product} {ergonomic}
     bool UseCompressedOops                        = true                           {product lp64_product} {ergonomic}
     bool UseG1GC                                  = true                                      {product} {ergonomic}
     bool UseLargePagesIndividualAllocation        = false                                  {pd product} {ergonomic}

Logging:
Log output configuration:
 #0: stdout all=warning uptime,level,tags
 #1: stderr all=off uptime,level,tags

Environment Variables:
JAVA_HOME=C:\Program Files\Java\jdk-17
PATH=D:/sts-4.25.0.RELEASE//plugins/org.eclipse.justj.openjdk.hotspot.jre.full.win32.x86_64_21.0.4.v20240802-1551/jre/bin/server;D:/sts-4.25.0.RELEASE//plugins/org.eclipse.justj.openjdk.hotspot.jre.full.win32.x86_64_21.0.4.v20240802-1551/jre/bin;C:\Program Files\Common Files\Oracle\Java\javapath;C:\Program Files (x86)\VMware\VMware Workstation\bin\;C:\Windows\system32;C:\Windows;C:\Windows\System32\Wbem;C:\Windows\System32\WindowsPowerShell\v1.0\;C:\Windows\System32\OpenSSH\;C:\Program Files\nodejs\;C:\Program Files\Microsoft SQL Server\130\Tools\Binn\;C:\Program Files\Microsoft SQL Server\Client SDK\ODBC\170\Tools\Binn\;C:\Program Files (x86)\Microsoft SQL Server\160\DTS\Binn\;C:\Program Files (x86)\Microsoft SQL Server\160\Tools\Binn\;C:\Program Files\Microsoft SQL Server\160\Tools\Binn\;C:\Program Files\Microsoft SQL Server\160\DTS\Binn\;C:\Program Files\PuTTY\;C:\Program Files\Git\cmd;C:\Program Files\dotnet\;C:\Program Files (x86)\IVI Foundation\VISA\WinNT\Bin\;C:\Program Files\IVI Foundation\VISA\Win64\Bin\;C:\Program Files (x86)\IVI Foundation\IVI\Bin\;C:\Program Files\IVI Foundation\IVI\Bin\;C:\Program Files (x86)\IVI Foundation\VISA\WinNT\Bin;C:\Program Files\Java\jdk-17\bin;D:\workspace\apache-maven-3.9.9\bin;C:\Program Files (x86)\National Instruments\Shared\LabVIEW CLI;C:\Program Files\MySQL\MySQL Shell 8.0\bin\;C:\Users\PERSONAL\AppData\Local\Microsoft\WindowsApps;C:\Users\PERSONAL\AppData\Local\Programs\Microsoft VS Code\bin;C:\Users\PERSONAL\AppData\Roaming\npm;D:\sts-4.25.0.RELEASE;
USERNAME=PERSONAL
OS=Windows_NT
PROCESSOR_IDENTIFIER=AMD64 Family 23 Model 104 Stepping 1, AuthenticAMD



---------------  S Y S T E M  ---------------

OS:
 Windows 11 , 64 bit Build 22621 (10.0.22621.3958)
OS uptime: 0 days 1:31 hours
Hyper-V role detected

CPU: total 16 (initial active 16) (16 cores per cpu, 2 threads per core) family 23 model 104 stepping 1 microcode 0x0, cx8, cmov, fxsr, ht, mmx, 3dnowpref, sse, sse2, sse3, ssse3, sse4a, sse4.1, sse4.2, popcnt, lzcnt, tsc, tscinvbit, avx, avx2, aes, clmul, bmi1, bmi2, adx, sha, fma, vzeroupper, clflush, clflushopt, hv

Memory: 4k page, system-wide physical 15720M (5464M free)
TotalPageFile size 17768M (AvailPageFile size 4M)
current process WorkingSet (physical memory assigned to process): 79M, peak: 79M
current process commit charge ("private bytes"): 357M, peak: 357M

vm_info: Java HotSpot(TM) 64-Bit Server VM (17.0.12+8-LTS-286) for windows-amd64 JRE (17.0.12+8-LTS-286), built on Jun  5 2024 06:46:59 by "mach5one" with MS VC++ 17.6 (VS2022)

END.
