#
# There is insufficient memory for the Java Runtime Environment to continue.
# Native memory allocation (mmap) failed to map 65536 bytes for Failed to commit metaspace.
# Possible reasons:
#   The system is out of physical RAM or swap space
#   The process is running with CompressedOops enabled, and the Java Heap may be blocking the growth of the native heap
# Possible solutions:
#   Reduce memory load on the system
#   Increase physical memory or swap space
#   Check if swap backing store is full
#   Decrease Java heap size (-Xmx/-Xms)
#   Decrease number of Java threads
#   Decrease Java thread stack sizes (-Xss)
#   Set larger code cache with -XX:ReservedCodeCacheSize=
#   JVM is running with Zero Based Compressed Oops mode in which the Java heap is
#     placed in the first 32GB address space. The Java Heap base address is the
#     maximum limit for the native heap growth. Please use -XX:HeapBaseMinAddress
#     to set the Java Heap base and to place the Java Heap above 32GB virtual address.
# This output file may be truncated or incomplete.
#
#  Out of Memory Error (virtualSpaceNode.cpp:110), pid=24224, tid=7960
#
# JRE version: Java(TM) SE Runtime Environment (17.0.12+8) (build 17.0.12+8-LTS-286)
# Java VM: Java HotSpot(TM) 64-Bit Server VM (17.0.12+8-LTS-286, mixed mode, emulated-client, tiered, compressed oops, compressed class ptrs, g1 gc, windows-amd64)
# No core dump will be written. Minidumps are not enabled by default on client versions of Windows
#

---------------  S U M M A R Y ------------

Command Line: -Dcom.sun.management.jmxremote -Dcom.sun.management.jmxremote.port=50792 -Dcom.sun.management.jmxremote.authenticate=false -Dcom.sun.management.jmxremote.ssl=false -Djava.rmi.server.hostname=localhost -Dspring.jmx.enabled=true -Dmanagement.endpoints.jmx.exposure.include=* -Dspring.application.admin.enabled=true -XX:TieredStopAtLevel=1 -Dspring.boot.project.name=springboot_postgre -Dfile.encoding=UTF-8 -Dstdout.encoding=UTF-8 -Dstderr.encoding=UTF-8 -XX:+ShowCodeDetailsInExceptionMessages com.mario.springboot.practica.SpringbootPostgreApplication --spring.output.ansi.enabled=always

Host: AMD Ryzen 7 5700U with Radeon Graphics         , 16 cores, 15G,  Windows 11 , 64 bit Build 22621 (10.0.22621.3958)
Time: Mon Oct 14 09:41:45 2024 Hora est. Pacífico, Sudamérica elapsed time: 0.884061 seconds (0d 0h 0m 0s)

---------------  T H R E A D  ---------------

Current thread (0x0000025fdc820780):  JavaThread "main" [_thread_in_vm, id=7960, stack(0x000000eee9400000,0x000000eee9500000)]

Stack: [0x000000eee9400000,0x000000eee9500000]
Native frames: (J=compiled Java code, j=interpreted, Vv=VM code, C=native code)
V  [jvm.dll+0x67a04a]
V  [jvm.dll+0x7da4ed]
V  [jvm.dll+0x7dbe33]
V  [jvm.dll+0x7dc4a3]
V  [jvm.dll+0x24508f]
V  [jvm.dll+0x7d60bb]
V  [jvm.dll+0x6206c6]
V  [jvm.dll+0x62072a]
V  [jvm.dll+0x622f4d]
V  [jvm.dll+0x621086]
V  [jvm.dll+0x23936f]
V  [jvm.dll+0x62af35]
V  [jvm.dll+0x1e84b2]
V  [jvm.dll+0x1e89d5]
V  [jvm.dll+0x1e931b]
V  [jvm.dll+0x1dea41]
V  [jvm.dll+0x53f78c]
V  [jvm.dll+0x1ef3ca]
V  [jvm.dll+0x7547ad]
V  [jvm.dll+0x755bc6]
V  [jvm.dll+0x755ef8]
V  [jvm.dll+0x23d13b]
V  [jvm.dll+0x37ed4b]
C  0x0000025fe58aeee6

Java frames: (J=compiled Java code, j=interpreted, Vv=VM code)
j  java.lang.invoke.VarHandle.<clinit>()V+46 java.base@17.0.12
v  ~StubRoutines::call_stub
j  java.lang.invoke.VarHandles.makeFieldHandle(Ljava/lang/invoke/MemberName;Ljava/lang/Class;Ljava/lang/Class;Z)Ljava/lang/invoke/VarHandle;+45 java.base@17.0.12
j  java.lang.invoke.MethodHandles$Lookup.getFieldVarHandleCommon(BBLjava/lang/Class;Ljava/lang/invoke/MemberName;Ljava/lang/invoke/MemberName;Z)Ljava/lang/invoke/VarHandle;+270 java.base@17.0.12
j  java.lang.invoke.MethodHandles$Lookup.getFieldVarHandle(BBLjava/lang/Class;Ljava/lang/invoke/MemberName;Ljava/lang/invoke/MemberName;)Ljava/lang/invoke/VarHandle;+12 java.base@17.0.12
j  java.lang.invoke.MethodHandles$Lookup.findVarHandle(Ljava/lang/Class;Ljava/lang/String;Ljava/lang/Class;)Ljava/lang/invoke/VarHandle;+28 java.base@17.0.12
j  java.util.concurrent.ConcurrentSkipListMap.<clinit>()V+12 java.base@17.0.12
v  ~StubRoutines::call_stub
j  java.util.concurrent.ConcurrentSkipListSet.<init>()V+5 java.base@17.0.12
j  java.net.InetAddress.<clinit>()V+106 java.base@17.0.12
v  ~StubRoutines::call_stub
j  javax.management.remote.JMXServiceURL.<init>(Ljava/lang/String;Ljava/lang/String;ILjava/lang/String;)V+15 java.management@17.0.12
j  javax.management.remote.JMXServiceURL.<init>(Ljava/lang/String;Ljava/lang/String;I)V+5 java.management@17.0.12
j  sun.management.jmxremote.ConnectorBootstrap.exportMBeanServer(Ljavax/management/MBeanServer;IIZZLjava/lang/String;[Ljava/lang/String;[Ljava/lang/String;ZZLjava/lang/String;Ljava/lang/String;ZLjava/lang/String;Ljava/lang/String;Ljava/lang/String;)Lsun/management/jmxremote/ConnectorBootstrap$JMXConnectorServerData;+18 jdk.management.agent@17.0.12
j  sun.management.jmxremote.ConnectorBootstrap.startRemoteConnectorServer(Ljava/lang/String;Ljava/util/Properties;)Ljavax/management/remote/JMXConnectorServer;+620 jdk.management.agent@17.0.12
j  jdk.internal.agent.Agent.startAgent(Ljava/util/Properties;)V+48 jdk.management.agent@17.0.12
j  jdk.internal.agent.Agent.startAgent()V+20 jdk.management.agent@17.0.12
v  ~StubRoutines::call_stub

---------------  P R O C E S S  ---------------

Threads class SMR info:
_java_thread_list=0x0000025f8425b910, length=12, elements={
0x0000025fdc820780, 0x0000025f84088270, 0x0000025f84036890, 0x0000025f84054640,
0x0000025f84055000, 0x0000025f84056160, 0x0000025f840572c0, 0x0000025f840a6150,
0x0000025f840b0260, 0x0000025ff594fe80, 0x0000025f84168090, 0x0000025f84278ce0
}

Java Threads: ( => current thread )
=>0x0000025fdc820780 JavaThread "main" [_thread_in_vm, id=7960, stack(0x000000eee9400000,0x000000eee9500000)]
  0x0000025f84088270 JavaThread "Reference Handler" daemon [_thread_blocked, id=19052, stack(0x000000eee9b00000,0x000000eee9c00000)]
  0x0000025f84036890 JavaThread "Finalizer" daemon [_thread_blocked, id=14604, stack(0x000000eee9c00000,0x000000eee9d00000)]
  0x0000025f84054640 JavaThread "Signal Dispatcher" daemon [_thread_blocked, id=24520, stack(0x000000eee9d00000,0x000000eee9e00000)]
  0x0000025f84055000 JavaThread "Attach Listener" daemon [_thread_blocked, id=20588, stack(0x000000eee9e00000,0x000000eee9f00000)]
  0x0000025f84056160 JavaThread "Service Thread" daemon [_thread_blocked, id=2560, stack(0x000000eee9f00000,0x000000eeea000000)]
  0x0000025f840572c0 JavaThread "Monitor Deflation Thread" daemon [_thread_blocked, id=8656, stack(0x000000eeea000000,0x000000eeea100000)]
  0x0000025f840a6150 JavaThread "C1 CompilerThread0" daemon [_thread_blocked, id=10284, stack(0x000000eeea100000,0x000000eeea200000)]
  0x0000025f840b0260 JavaThread "Sweeper thread" daemon [_thread_blocked, id=9980, stack(0x000000eeea200000,0x000000eeea300000)]
  0x0000025ff594fe80 JavaThread "Common-Cleaner" daemon [_thread_blocked, id=21216, stack(0x000000eeea300000,0x000000eeea400000)]
  0x0000025f84168090 JavaThread "C1 CompilerThread1" daemon [_thread_blocked, id=22812, stack(0x000000eeea400000,0x000000eeea500000)]
  0x0000025f84278ce0 JavaThread "Notification Thread" daemon [_thread_blocked, id=24280, stack(0x000000eeea500000,0x000000eeea600000)]

Other Threads:
  0x0000025ff596a3e0 VMThread "VM Thread" [stack: 0x000000eee9a00000,0x000000eee9b00000] [id=23828]
  0x0000025fdc88c700 GCTaskThread "GC Thread#0" [stack: 0x000000eee9500000,0x000000eee9600000] [id=22980]
  0x0000025fdc89d3b0 ConcurrentGCThread "G1 Main Marker" [stack: 0x000000eee9600000,0x000000eee9700000] [id=18100]
  0x0000025fdc89ddc0 ConcurrentGCThread "G1 Conc#0" [stack: 0x000000eee9700000,0x000000eee9800000] [id=23496]
  0x0000025ff581a1f0 ConcurrentGCThread "G1 Refine#0" [stack: 0x000000eee9800000,0x000000eee9900000] [id=6336]
  0x0000025ff581ac20 ConcurrentGCThread "G1 Service" [stack: 0x000000eee9900000,0x000000eee9a00000] [id=22704]

Threads with active compile tasks:

VM state: not at safepoint (normal execution)

VM Mutex/Monitor currently owned by a thread:  ([mutex/lock_event])
[0x0000025fdc8194b0] Metaspace_lock - owner thread: 0x0000025fdc820780

Heap address: 0x000000070a400000, size: 3932 MB, Compressed Oops mode: Zero based, Oop shift amount: 3

CDS archive(s) not mapped
Compressed class space mapped at: 0x0000000800000000-0x0000000840000000, reserved size: 1073741824
Narrow klass base: 0x0000000800000000, Narrow klass shift: 0, Narrow klass range: 0x40000000

GC Precious Log:
 CPUs: 16 total, 16 available
 Memory: 15720M
 Large Page Support: Disabled
 NUMA Support: Disabled
 Compressed Oops: Enabled (Zero based)
 Heap Region Size: 2M
 Heap Min Capacity: 8M
 Heap Initial Capacity: 246M
 Heap Max Capacity: 3932M
 Pre-touch: Disabled
 Parallel Workers: 13
 Concurrent Workers: 3
 Concurrent Refinement Workers: 13
 Periodic GC: Disabled

Heap:
 garbage-first heap   total 251904K, used 8192K [0x000000070a400000, 0x0000000800000000)
  region size 2048K, 5 young (10240K), 0 survivors (0K)
 Metaspace       used 9684K, committed 9856K, reserved 1114112K
  class space    used 933K, committed 1024K, reserved 1048576K

Heap Regions: E=young(eden), S=young(survivor), O=old, HS=humongous(starts), HC=humongous(continues), CS=collection set, F=free, OA=open archive, CA=closed archive, TAMS=top-at-mark-start (previous, next)
|   0|0x000000070a400000, 0x000000070a400000, 0x000000070a600000|  0%| F|  |TAMS 0x000000070a400000, 0x000000070a400000| Untracked 
|   1|0x000000070a600000, 0x000000070a600000, 0x000000070a800000|  0%| F|  |TAMS 0x000000070a600000, 0x000000070a600000| Untracked 
|   2|0x000000070a800000, 0x000000070a800000, 0x000000070aa00000|  0%| F|  |TAMS 0x000000070a800000, 0x000000070a800000| Untracked 
|   3|0x000000070aa00000, 0x000000070aa00000, 0x000000070ac00000|  0%| F|  |TAMS 0x000000070aa00000, 0x000000070aa00000| Untracked 
|   4|0x000000070ac00000, 0x000000070ac00000, 0x000000070ae00000|  0%| F|  |TAMS 0x000000070ac00000, 0x000000070ac00000| Untracked 
|   5|0x000000070ae00000, 0x000000070ae00000, 0x000000070b000000|  0%| F|  |TAMS 0x000000070ae00000, 0x000000070ae00000| Untracked 
|   6|0x000000070b000000, 0x000000070b000000, 0x000000070b200000|  0%| F|  |TAMS 0x000000070b000000, 0x000000070b000000| Untracked 
|   7|0x000000070b200000, 0x000000070b200000, 0x000000070b400000|  0%| F|  |TAMS 0x000000070b200000, 0x000000070b200000| Untracked 
|   8|0x000000070b400000, 0x000000070b400000, 0x000000070b600000|  0%| F|  |TAMS 0x000000070b400000, 0x000000070b400000| Untracked 
|   9|0x000000070b600000, 0x000000070b600000, 0x000000070b800000|  0%| F|  |TAMS 0x000000070b600000, 0x000000070b600000| Untracked 
|  10|0x000000070b800000, 0x000000070b800000, 0x000000070ba00000|  0%| F|  |TAMS 0x000000070b800000, 0x000000070b800000| Untracked 
|  11|0x000000070ba00000, 0x000000070ba00000, 0x000000070bc00000|  0%| F|  |TAMS 0x000000070ba00000, 0x000000070ba00000| Untracked 
|  12|0x000000070bc00000, 0x000000070bc00000, 0x000000070be00000|  0%| F|  |TAMS 0x000000070bc00000, 0x000000070bc00000| Untracked 
|  13|0x000000070be00000, 0x000000070be00000, 0x000000070c000000|  0%| F|  |TAMS 0x000000070be00000, 0x000000070be00000| Untracked 
|  14|0x000000070c000000, 0x000000070c000000, 0x000000070c200000|  0%| F|  |TAMS 0x000000070c000000, 0x000000070c000000| Untracked 
|  15|0x000000070c200000, 0x000000070c200000, 0x000000070c400000|  0%| F|  |TAMS 0x000000070c200000, 0x000000070c200000| Untracked 
|  16|0x000000070c400000, 0x000000070c400000, 0x000000070c600000|  0%| F|  |TAMS 0x000000070c400000, 0x000000070c400000| Untracked 
|  17|0x000000070c600000, 0x000000070c600000, 0x000000070c800000|  0%| F|  |TAMS 0x000000070c600000, 0x000000070c600000| Untracked 
|  18|0x000000070c800000, 0x000000070c800000, 0x000000070ca00000|  0%| F|  |TAMS 0x000000070c800000, 0x000000070c800000| Untracked 
|  19|0x000000070ca00000, 0x000000070ca00000, 0x000000070cc00000|  0%| F|  |TAMS 0x000000070ca00000, 0x000000070ca00000| Untracked 
|  20|0x000000070cc00000, 0x000000070cc00000, 0x000000070ce00000|  0%| F|  |TAMS 0x000000070cc00000, 0x000000070cc00000| Untracked 
|  21|0x000000070ce00000, 0x000000070ce00000, 0x000000070d000000|  0%| F|  |TAMS 0x000000070ce00000, 0x000000070ce00000| Untracked 
|  22|0x000000070d000000, 0x000000070d000000, 0x000000070d200000|  0%| F|  |TAMS 0x000000070d000000, 0x000000070d000000| Untracked 
|  23|0x000000070d200000, 0x000000070d200000, 0x000000070d400000|  0%| F|  |TAMS 0x000000070d200000, 0x000000070d200000| Untracked 
|  24|0x000000070d400000, 0x000000070d400000, 0x000000070d600000|  0%| F|  |TAMS 0x000000070d400000, 0x000000070d400000| Untracked 
|  25|0x000000070d600000, 0x000000070d600000, 0x000000070d800000|  0%| F|  |TAMS 0x000000070d600000, 0x000000070d600000| Untracked 
|  26|0x000000070d800000, 0x000000070d800000, 0x000000070da00000|  0%| F|  |TAMS 0x000000070d800000, 0x000000070d800000| Untracked 
|  27|0x000000070da00000, 0x000000070da00000, 0x000000070dc00000|  0%| F|  |TAMS 0x000000070da00000, 0x000000070da00000| Untracked 
|  28|0x000000070dc00000, 0x000000070dc00000, 0x000000070de00000|  0%| F|  |TAMS 0x000000070dc00000, 0x000000070dc00000| Untracked 
|  29|0x000000070de00000, 0x000000070de00000, 0x000000070e000000|  0%| F|  |TAMS 0x000000070de00000, 0x000000070de00000| Untracked 
|  30|0x000000070e000000, 0x000000070e000000, 0x000000070e200000|  0%| F|  |TAMS 0x000000070e000000, 0x000000070e000000| Untracked 
|  31|0x000000070e200000, 0x000000070e200000, 0x000000070e400000|  0%| F|  |TAMS 0x000000070e200000, 0x000000070e200000| Untracked 
|  32|0x000000070e400000, 0x000000070e400000, 0x000000070e600000|  0%| F|  |TAMS 0x000000070e400000, 0x000000070e400000| Untracked 
|  33|0x000000070e600000, 0x000000070e600000, 0x000000070e800000|  0%| F|  |TAMS 0x000000070e600000, 0x000000070e600000| Untracked 
|  34|0x000000070e800000, 0x000000070e800000, 0x000000070ea00000|  0%| F|  |TAMS 0x000000070e800000, 0x000000070e800000| Untracked 
|  35|0x000000070ea00000, 0x000000070ea00000, 0x000000070ec00000|  0%| F|  |TAMS 0x000000070ea00000, 0x000000070ea00000| Untracked 
|  36|0x000000070ec00000, 0x000000070ec00000, 0x000000070ee00000|  0%| F|  |TAMS 0x000000070ec00000, 0x000000070ec00000| Untracked 
|  37|0x000000070ee00000, 0x000000070ee00000, 0x000000070f000000|  0%| F|  |TAMS 0x000000070ee00000, 0x000000070ee00000| Untracked 
|  38|0x000000070f000000, 0x000000070f000000, 0x000000070f200000|  0%| F|  |TAMS 0x000000070f000000, 0x000000070f000000| Untracked 
|  39|0x000000070f200000, 0x000000070f200000, 0x000000070f400000|  0%| F|  |TAMS 0x000000070f200000, 0x000000070f200000| Untracked 
|  40|0x000000070f400000, 0x000000070f400000, 0x000000070f600000|  0%| F|  |TAMS 0x000000070f400000, 0x000000070f400000| Untracked 
|  41|0x000000070f600000, 0x000000070f600000, 0x000000070f800000|  0%| F|  |TAMS 0x000000070f600000, 0x000000070f600000| Untracked 
|  42|0x000000070f800000, 0x000000070f800000, 0x000000070fa00000|  0%| F|  |TAMS 0x000000070f800000, 0x000000070f800000| Untracked 
|  43|0x000000070fa00000, 0x000000070fa00000, 0x000000070fc00000|  0%| F|  |TAMS 0x000000070fa00000, 0x000000070fa00000| Untracked 
|  44|0x000000070fc00000, 0x000000070fc00000, 0x000000070fe00000|  0%| F|  |TAMS 0x000000070fc00000, 0x000000070fc00000| Untracked 
|  45|0x000000070fe00000, 0x000000070fe00000, 0x0000000710000000|  0%| F|  |TAMS 0x000000070fe00000, 0x000000070fe00000| Untracked 
|  46|0x0000000710000000, 0x0000000710000000, 0x0000000710200000|  0%| F|  |TAMS 0x0000000710000000, 0x0000000710000000| Untracked 
|  47|0x0000000710200000, 0x0000000710200000, 0x0000000710400000|  0%| F|  |TAMS 0x0000000710200000, 0x0000000710200000| Untracked 
|  48|0x0000000710400000, 0x0000000710400000, 0x0000000710600000|  0%| F|  |TAMS 0x0000000710400000, 0x0000000710400000| Untracked 
|  49|0x0000000710600000, 0x0000000710600000, 0x0000000710800000|  0%| F|  |TAMS 0x0000000710600000, 0x0000000710600000| Untracked 
|  50|0x0000000710800000, 0x0000000710800000, 0x0000000710a00000|  0%| F|  |TAMS 0x0000000710800000, 0x0000000710800000| Untracked 
|  51|0x0000000710a00000, 0x0000000710a00000, 0x0000000710c00000|  0%| F|  |TAMS 0x0000000710a00000, 0x0000000710a00000| Untracked 
|  52|0x0000000710c00000, 0x0000000710c00000, 0x0000000710e00000|  0%| F|  |TAMS 0x0000000710c00000, 0x0000000710c00000| Untracked 
|  53|0x0000000710e00000, 0x0000000710e00000, 0x0000000711000000|  0%| F|  |TAMS 0x0000000710e00000, 0x0000000710e00000| Untracked 
|  54|0x0000000711000000, 0x0000000711000000, 0x0000000711200000|  0%| F|  |TAMS 0x0000000711000000, 0x0000000711000000| Untracked 
|  55|0x0000000711200000, 0x0000000711200000, 0x0000000711400000|  0%| F|  |TAMS 0x0000000711200000, 0x0000000711200000| Untracked 
|  56|0x0000000711400000, 0x0000000711400000, 0x0000000711600000|  0%| F|  |TAMS 0x0000000711400000, 0x0000000711400000| Untracked 
|  57|0x0000000711600000, 0x0000000711600000, 0x0000000711800000|  0%| F|  |TAMS 0x0000000711600000, 0x0000000711600000| Untracked 
|  58|0x0000000711800000, 0x0000000711800000, 0x0000000711a00000|  0%| F|  |TAMS 0x0000000711800000, 0x0000000711800000| Untracked 
|  59|0x0000000711a00000, 0x0000000711a00000, 0x0000000711c00000|  0%| F|  |TAMS 0x0000000711a00000, 0x0000000711a00000| Untracked 
|  60|0x0000000711c00000, 0x0000000711c00000, 0x0000000711e00000|  0%| F|  |TAMS 0x0000000711c00000, 0x0000000711c00000| Untracked 
|  61|0x0000000711e00000, 0x0000000711e00000, 0x0000000712000000|  0%| F|  |TAMS 0x0000000711e00000, 0x0000000711e00000| Untracked 
|  62|0x0000000712000000, 0x0000000712000000, 0x0000000712200000|  0%| F|  |TAMS 0x0000000712000000, 0x0000000712000000| Untracked 
|  63|0x0000000712200000, 0x0000000712200000, 0x0000000712400000|  0%| F|  |TAMS 0x0000000712200000, 0x0000000712200000| Untracked 
|  64|0x0000000712400000, 0x0000000712400000, 0x0000000712600000|  0%| F|  |TAMS 0x0000000712400000, 0x0000000712400000| Untracked 
|  65|0x0000000712600000, 0x0000000712600000, 0x0000000712800000|  0%| F|  |TAMS 0x0000000712600000, 0x0000000712600000| Untracked 
|  66|0x0000000712800000, 0x0000000712800000, 0x0000000712a00000|  0%| F|  |TAMS 0x0000000712800000, 0x0000000712800000| Untracked 
|  67|0x0000000712a00000, 0x0000000712a00000, 0x0000000712c00000|  0%| F|  |TAMS 0x0000000712a00000, 0x0000000712a00000| Untracked 
|  68|0x0000000712c00000, 0x0000000712c00000, 0x0000000712e00000|  0%| F|  |TAMS 0x0000000712c00000, 0x0000000712c00000| Untracked 
|  69|0x0000000712e00000, 0x0000000712e00000, 0x0000000713000000|  0%| F|  |TAMS 0x0000000712e00000, 0x0000000712e00000| Untracked 
|  70|0x0000000713000000, 0x0000000713000000, 0x0000000713200000|  0%| F|  |TAMS 0x0000000713000000, 0x0000000713000000| Untracked 
|  71|0x0000000713200000, 0x0000000713200000, 0x0000000713400000|  0%| F|  |TAMS 0x0000000713200000, 0x0000000713200000| Untracked 
|  72|0x0000000713400000, 0x0000000713400000, 0x0000000713600000|  0%| F|  |TAMS 0x0000000713400000, 0x0000000713400000| Untracked 
|  73|0x0000000713600000, 0x0000000713600000, 0x0000000713800000|  0%| F|  |TAMS 0x0000000713600000, 0x0000000713600000| Untracked 
|  74|0x0000000713800000, 0x0000000713800000, 0x0000000713a00000|  0%| F|  |TAMS 0x0000000713800000, 0x0000000713800000| Untracked 
|  75|0x0000000713a00000, 0x0000000713a00000, 0x0000000713c00000|  0%| F|  |TAMS 0x0000000713a00000, 0x0000000713a00000| Untracked 
|  76|0x0000000713c00000, 0x0000000713c00000, 0x0000000713e00000|  0%| F|  |TAMS 0x0000000713c00000, 0x0000000713c00000| Untracked 
|  77|0x0000000713e00000, 0x0000000713e00000, 0x0000000714000000|  0%| F|  |TAMS 0x0000000713e00000, 0x0000000713e00000| Untracked 
|  78|0x0000000714000000, 0x0000000714000000, 0x0000000714200000|  0%| F|  |TAMS 0x0000000714000000, 0x0000000714000000| Untracked 
|  79|0x0000000714200000, 0x0000000714200000, 0x0000000714400000|  0%| F|  |TAMS 0x0000000714200000, 0x0000000714200000| Untracked 
|  80|0x0000000714400000, 0x0000000714400000, 0x0000000714600000|  0%| F|  |TAMS 0x0000000714400000, 0x0000000714400000| Untracked 
|  81|0x0000000714600000, 0x0000000714600000, 0x0000000714800000|  0%| F|  |TAMS 0x0000000714600000, 0x0000000714600000| Untracked 
|  82|0x0000000714800000, 0x0000000714800000, 0x0000000714a00000|  0%| F|  |TAMS 0x0000000714800000, 0x0000000714800000| Untracked 
|  83|0x0000000714a00000, 0x0000000714a00000, 0x0000000714c00000|  0%| F|  |TAMS 0x0000000714a00000, 0x0000000714a00000| Untracked 
|  84|0x0000000714c00000, 0x0000000714c00000, 0x0000000714e00000|  0%| F|  |TAMS 0x0000000714c00000, 0x0000000714c00000| Untracked 
|  85|0x0000000714e00000, 0x0000000714e00000, 0x0000000715000000|  0%| F|  |TAMS 0x0000000714e00000, 0x0000000714e00000| Untracked 
|  86|0x0000000715000000, 0x0000000715000000, 0x0000000715200000|  0%| F|  |TAMS 0x0000000715000000, 0x0000000715000000| Untracked 
|  87|0x0000000715200000, 0x0000000715200000, 0x0000000715400000|  0%| F|  |TAMS 0x0000000715200000, 0x0000000715200000| Untracked 
|  88|0x0000000715400000, 0x0000000715400000, 0x0000000715600000|  0%| F|  |TAMS 0x0000000715400000, 0x0000000715400000| Untracked 
|  89|0x0000000715600000, 0x0000000715600000, 0x0000000715800000|  0%| F|  |TAMS 0x0000000715600000, 0x0000000715600000| Untracked 
|  90|0x0000000715800000, 0x0000000715800000, 0x0000000715a00000|  0%| F|  |TAMS 0x0000000715800000, 0x0000000715800000| Untracked 
|  91|0x0000000715a00000, 0x0000000715a00000, 0x0000000715c00000|  0%| F|  |TAMS 0x0000000715a00000, 0x0000000715a00000| Untracked 
|  92|0x0000000715c00000, 0x0000000715c00000, 0x0000000715e00000|  0%| F|  |TAMS 0x0000000715c00000, 0x0000000715c00000| Untracked 
|  93|0x0000000715e00000, 0x0000000715e00000, 0x0000000716000000|  0%| F|  |TAMS 0x0000000715e00000, 0x0000000715e00000| Untracked 
|  94|0x0000000716000000, 0x0000000716000000, 0x0000000716200000|  0%| F|  |TAMS 0x0000000716000000, 0x0000000716000000| Untracked 
|  95|0x0000000716200000, 0x0000000716200000, 0x0000000716400000|  0%| F|  |TAMS 0x0000000716200000, 0x0000000716200000| Untracked 
|  96|0x0000000716400000, 0x0000000716400000, 0x0000000716600000|  0%| F|  |TAMS 0x0000000716400000, 0x0000000716400000| Untracked 
|  97|0x0000000716600000, 0x0000000716600000, 0x0000000716800000|  0%| F|  |TAMS 0x0000000716600000, 0x0000000716600000| Untracked 
|  98|0x0000000716800000, 0x0000000716800000, 0x0000000716a00000|  0%| F|  |TAMS 0x0000000716800000, 0x0000000716800000| Untracked 
|  99|0x0000000716a00000, 0x0000000716a00000, 0x0000000716c00000|  0%| F|  |TAMS 0x0000000716a00000, 0x0000000716a00000| Untracked 
| 100|0x0000000716c00000, 0x0000000716c00000, 0x0000000716e00000|  0%| F|  |TAMS 0x0000000716c00000, 0x0000000716c00000| Untracked 
| 101|0x0000000716e00000, 0x0000000716e00000, 0x0000000717000000|  0%| F|  |TAMS 0x0000000716e00000, 0x0000000716e00000| Untracked 
| 102|0x0000000717000000, 0x0000000717000000, 0x0000000717200000|  0%| F|  |TAMS 0x0000000717000000, 0x0000000717000000| Untracked 
| 103|0x0000000717200000, 0x0000000717200000, 0x0000000717400000|  0%| F|  |TAMS 0x0000000717200000, 0x0000000717200000| Untracked 
| 104|0x0000000717400000, 0x0000000717400000, 0x0000000717600000|  0%| F|  |TAMS 0x0000000717400000, 0x0000000717400000| Untracked 
| 105|0x0000000717600000, 0x0000000717600000, 0x0000000717800000|  0%| F|  |TAMS 0x0000000717600000, 0x0000000717600000| Untracked 
| 106|0x0000000717800000, 0x0000000717800000, 0x0000000717a00000|  0%| F|  |TAMS 0x0000000717800000, 0x0000000717800000| Untracked 
| 107|0x0000000717a00000, 0x0000000717a00000, 0x0000000717c00000|  0%| F|  |TAMS 0x0000000717a00000, 0x0000000717a00000| Untracked 
| 108|0x0000000717c00000, 0x0000000717c00000, 0x0000000717e00000|  0%| F|  |TAMS 0x0000000717c00000, 0x0000000717c00000| Untracked 
| 109|0x0000000717e00000, 0x0000000717e00000, 0x0000000718000000|  0%| F|  |TAMS 0x0000000717e00000, 0x0000000717e00000| Untracked 
| 110|0x0000000718000000, 0x0000000718000000, 0x0000000718200000|  0%| F|  |TAMS 0x0000000718000000, 0x0000000718000000| Untracked 
| 111|0x0000000718200000, 0x0000000718200000, 0x0000000718400000|  0%| F|  |TAMS 0x0000000718200000, 0x0000000718200000| Untracked 
| 112|0x0000000718400000, 0x0000000718400000, 0x0000000718600000|  0%| F|  |TAMS 0x0000000718400000, 0x0000000718400000| Untracked 
| 113|0x0000000718600000, 0x0000000718600000, 0x0000000718800000|  0%| F|  |TAMS 0x0000000718600000, 0x0000000718600000| Untracked 
| 114|0x0000000718800000, 0x0000000718800000, 0x0000000718a00000|  0%| F|  |TAMS 0x0000000718800000, 0x0000000718800000| Untracked 
| 115|0x0000000718a00000, 0x0000000718a00000, 0x0000000718c00000|  0%| F|  |TAMS 0x0000000718a00000, 0x0000000718a00000| Untracked 
| 116|0x0000000718c00000, 0x0000000718c00000, 0x0000000718e00000|  0%| F|  |TAMS 0x0000000718c00000, 0x0000000718c00000| Untracked 
| 117|0x0000000718e00000, 0x0000000718e00000, 0x0000000719000000|  0%| F|  |TAMS 0x0000000718e00000, 0x0000000718e00000| Untracked 
| 118|0x0000000719000000, 0x0000000719152a48, 0x0000000719200000| 66%| E|  |TAMS 0x0000000719000000, 0x0000000719000000| Complete 
| 119|0x0000000719200000, 0x0000000719400000, 0x0000000719400000|100%| E|CS|TAMS 0x0000000719200000, 0x0000000719200000| Complete 
| 120|0x0000000719400000, 0x0000000719600000, 0x0000000719600000|100%| E|CS|TAMS 0x0000000719400000, 0x0000000719400000| Complete 
| 121|0x0000000719600000, 0x0000000719800000, 0x0000000719800000|100%| E|CS|TAMS 0x0000000719600000, 0x0000000719600000| Complete 
| 122|0x0000000719800000, 0x0000000719a00000, 0x0000000719a00000|100%| E|CS|TAMS 0x0000000719800000, 0x0000000719800000| Complete 

Card table byte_map: [0x0000025fe9ea0000,0x0000025fea650000] _byte_map_base: 0x0000025fe664e000

Marking Bits (Prev, Next): (CMBitMap*) 0x0000025fdc88cd20, (CMBitMap*) 0x0000025fdc88cd60
 Prev Bits: [0x0000025feae00000, 0x0000025feeb70000)
 Next Bits: [0x0000025feeb70000, 0x0000025ff28e0000)

Polling page: 0x0000025fdc8e0000

Metaspace:

Usage:
  Non-class:      8.55 MB used.
      Class:    933.16 KB used.
       Both:      9.46 MB used.

Virtual space:
  Non-class space:       64.00 MB reserved,       8.62 MB ( 13%) committed,  1 nodes.
      Class space:        1.00 GB reserved,       1.00 MB ( <1%) committed,  1 nodes.
             Both:        1.06 GB reserved,       9.62 MB ( <1%) committed. 

Chunk freelists:
   Non-Class:  7.00 MB
       Class:  15.03 MB
        Both:  22.03 MB

MaxMetaspaceSize: unlimited
CompressedClassSpaceSize: 1.00 GB
Initial GC threshold: 21.00 MB
Current GC threshold: 21.00 MB
CDS: off
MetaspaceReclaimPolicy: balanced
 - commit_granule_bytes: 65536.
 - commit_granule_words: 8192.
 - virtual_space_node_default_size: 8388608.
 - enlarge_chunks_in_place: 1.
 - new_chunks_are_fully_committed: 0.
 - uncommit_free_chunks: 1.
 - use_allocation_guard: 0.
 - handle_deallocations: 1.


Internal statistics:

num_allocs_failed_limit: 0.
num_arena_births: 62.
num_arena_deaths: 0.
num_vsnodes_births: 2.
num_vsnodes_deaths: 0.
num_space_committed: 154.
num_space_uncommitted: 0.
num_chunks_returned_to_freelist: 0.
num_chunks_taken_from_freelist: 91.
num_chunk_merges: 0.
num_chunk_splits: 52.
num_chunks_enlarged: 28.
num_inconsistent_stats: 0.

CodeCache: size=49152Kb used=2531Kb max_used=2531Kb free=46620Kb
 bounds [0x0000025fe58a0000, 0x0000025fe5b20000, 0x0000025fe88a0000]
 total_blobs=1085 nmethods=686 adapters=326
 compilation: enabled
              stopped_count=0, restarted_count=0
 full_count=0

Compilation events (20 events):
Event: 0.866 Thread 0x0000025f84168090 nmethod 675 0x0000025fe5b13990 code [0x0000025fe5b13b20, 0x0000025fe5b13bd8]
Event: 0.866 Thread 0x0000025f840a6150 nmethod 676 0x0000025fe5b13c90 code [0x0000025fe5b13e20, 0x0000025fe5b13f28]
Event: 0.866 Thread 0x0000025f840a6150  677       1       javax.management.ImmutableDescriptor::union (308 bytes)
Event: 0.867 Thread 0x0000025f84168090  678       1       javax.management.MBeanFeatureInfo::<init> (20 bytes)
Event: 0.867 Thread 0x0000025f84168090 nmethod 678 0x0000025fe5b13f90 code [0x0000025fe5b14120, 0x0000025fe5b14318]
Event: 0.867 Thread 0x0000025f84168090  679       1       java.util.TreeMap::entrySet (27 bytes)
Event: 0.867 Thread 0x0000025f84168090 nmethod 679 0x0000025fe5b14390 code [0x0000025fe5b14520, 0x0000025fe5b146f8]
Event: 0.867 Thread 0x0000025f84168090  680       1       java.util.TreeMap$EntrySet::<init> (10 bytes)
Event: 0.868 Thread 0x0000025f84168090 nmethod 680 0x0000025fe5b14790 code [0x0000025fe5b14920, 0x0000025fe5b14a38]
Event: 0.868 Thread 0x0000025f84168090  681       1       java.util.TreeMap$EntrySet::iterator (19 bytes)
Event: 0.868 Thread 0x0000025f840a6150 nmethod 677 0x0000025fe5b14a90 code [0x0000025fe5b14d20, 0x0000025fe5b15988]
Event: 0.868 Thread 0x0000025f840a6150  682       1       java.util.TreeMap$EntryIterator::<init> (12 bytes)
Event: 0.868 Thread 0x0000025f840a6150 nmethod 682 0x0000025fe5b16110 code [0x0000025fe5b162a0, 0x0000025fe5b164d8]
Event: 0.868 Thread 0x0000025f84168090 nmethod 681 0x0000025fe5b16590 code [0x0000025fe5b16740, 0x0000025fe5b16a18]
Event: 0.874 Thread 0x0000025f840a6150  684       1       jdk.internal.org.objectweb.asm.MethodWriter::visitLabel (328 bytes)
Event: 0.874 Thread 0x0000025f84168090  685       1       java.lang.invoke.MemberName::getType (19 bytes)
Event: 0.874 Thread 0x0000025f840a6150 nmethod 684 0x0000025fe5b16f10 code [0x0000025fe5b17140, 0x0000025fe5b17e48]
Event: 0.874 Thread 0x0000025f84168090 nmethod 685 0x0000025fe5b18090 code [0x0000025fe5b18240, 0x0000025fe5b18398]
Event: 0.879 Thread 0x0000025f840a6150  686       1       java.util.concurrent.ConcurrentHashMap$BaseIterator::hasNext (13 bytes)
Event: 0.879 Thread 0x0000025f840a6150 nmethod 686 0x0000025fe5b18410 code [0x0000025fe5b185a0, 0x0000025fe5b18678]

GC Heap History (0 events):
No events

Deoptimization events (0 events):
No events

Classes unloaded (0 events):
No events

Classes redefined (0 events):
No events

Internal exceptions (6 events):
Event: 0.552 Thread 0x0000025fdc820780 Exception <a 'java/lang/NoSuchMethodError'{0x00000007192f1580}: 'java.lang.Object java.lang.invoke.DirectMethodHandle$Holder.invokeStaticInit(java.lang.Object)'> (0x00000007192f1580) 
thrown [s\open\src\hotspot\share\interpreter\linkResolver.cpp, line 759]
Event: 0.630 Thread 0x0000025fdc820780 Exception <a 'java/lang/NoSuchMethodError'{0x000000071932b4f0}: 'int java.lang.invoke.DirectMethodHandle$Holder.invokeInterface(java.lang.Object, java.lang.Object)'> (0x000000071932b4f0) 
thrown [s\open\src\hotspot\share\interpreter\linkResolver.cpp, line 759]
Event: 0.631 Thread 0x0000025fdc820780 Exception <a 'java/lang/IncompatibleClassChangeError'{0x000000071932eaf0}: Found class java.lang.Object, but interface was expected> (0x000000071932eaf0) 
thrown [s\open\src\hotspot\share\interpreter\linkResolver.cpp, line 826]
Event: 0.633 Thread 0x0000025fdc820780 Exception <a 'java/lang/NoSuchMethodError'{0x00000007193346a0}: 'void java.lang.invoke.DirectMethodHandle$Holder.invokeStatic(java.lang.Object, java.lang.Object)'> (0x00000007193346a0) 
thrown [s\open\src\hotspot\share\interpreter\linkResolver.cpp, line 759]
Event: 0.757 Thread 0x0000025fdc820780 Exception <a 'java/lang/NoSuchMethodError'{0x0000000719002620}: 'int java.lang.invoke.DirectMethodHandle$Holder.invokeSpecial(java.lang.Object, java.lang.Object, java.lang.Object)'> (0x0000000719002620) 
thrown [s\open\src\hotspot\share\interpreter\linkResolver.cpp, line 759]
Event: 0.855 Thread 0x0000025fdc820780 Exception <a 'java/lang/NoSuchMethodError'{0x000000071910bfc8}: 'void java.lang.invoke.DirectMethodHandle$Holder.invokeStatic(java.lang.Object, java.lang.Object, java.lang.Object)'> (0x000000071910bfc8) 
thrown [s\open\src\hotspot\share\interpreter\linkResolver.cpp, line 759]

VM Operations (4 events):
Event: 0.318 Executing VM operation: HandshakeAllThreads
Event: 0.318 Executing VM operation: HandshakeAllThreads done
Event: 0.880 Executing VM operation: HandshakeAllThreads
Event: 0.880 Executing VM operation: HandshakeAllThreads done

Events (20 events):
Event: 0.879 loading class java/util/concurrent/ConcurrentSkipListSet done
Event: 0.879 loading class java/util/concurrent/ConcurrentSkipListMap
Event: 0.880 loading class java/util/concurrent/ConcurrentNavigableMap
Event: 0.880 loading class java/util/concurrent/ConcurrentNavigableMap done
Event: 0.880 loading class java/util/concurrent/ConcurrentSkipListMap done
Event: 0.880 loading class java/util/concurrent/ConcurrentSkipListMap$Index
Event: 0.880 loading class java/util/concurrent/ConcurrentSkipListMap$Index done
Event: 0.880 loading class java/lang/invoke/VarHandles
Event: 0.881 loading class java/lang/invoke/VarHandles done
Event: 0.881 loading class java/lang/invoke/VarHandles$1
Event: 0.881 loading class java/lang/invoke/VarHandles$1 done
Event: 0.881 loading class java/lang/invoke/VarHandleReferences$FieldInstanceReadWrite
Event: 0.881 loading class java/lang/invoke/VarHandleReferences$FieldInstanceReadOnly
Event: 0.881 loading class java/lang/invoke/VarHandleReferences$FieldInstanceReadOnly done
Event: 0.881 loading class java/lang/invoke/VarHandleReferences$FieldInstanceReadWrite done
Event: 0.882 loading class java/lang/invoke/VarHandle$1
Event: 0.882 loading class java/lang/invoke/VarHandle$1 done
Event: 0.882 loading class jdk/internal/util/Preconditions$1
Event: 0.882 loading class jdk/internal/util/Preconditions$1 done
Event: 0.882 loading class java/lang/invoke/VarHandleGuards


Dynamic libraries:
0x00007ff6a8120000 - 0x00007ff6a8130000 	C:\Program Files\Java\jdk-17\bin\javaw.exe
0x00007ffc317b0000 - 0x00007ffc319c7000 	C:\Windows\SYSTEM32\ntdll.dll
0x00007ffc305c0000 - 0x00007ffc30684000 	C:\Windows\System32\KERNEL32.DLL
0x00007ffc2f120000 - 0x00007ffc2f4d7000 	C:\Windows\System32\KERNELBASE.dll
0x00007ffc2ed80000 - 0x00007ffc2ee91000 	C:\Windows\System32\ucrtbase.dll
0x00007ffc09270000 - 0x00007ffc09289000 	C:\Program Files\Java\jdk-17\bin\jli.dll
0x00007ffc03c90000 - 0x00007ffc03cab000 	C:\Program Files\Java\jdk-17\bin\VCRUNTIME140.dll
0x00007ffc2fd80000 - 0x00007ffc2fe32000 	C:\Windows\System32\ADVAPI32.dll
0x00007ffc2fe40000 - 0x00007ffc2fee7000 	C:\Windows\System32\msvcrt.dll
0x00007ffc2ffd0000 - 0x00007ffc30078000 	C:\Windows\System32\sechost.dll
0x00007ffc2ecd0000 - 0x00007ffc2ecf8000 	C:\Windows\System32\bcrypt.dll
0x00007ffc30300000 - 0x00007ffc30414000 	C:\Windows\System32\RPCRT4.dll
0x00007ffc30c40000 - 0x00007ffc30def000 	C:\Windows\System32\USER32.dll
0x00007ffc16b40000 - 0x00007ffc16dd3000 	C:\Windows\WinSxS\amd64_microsoft.windows.common-controls_6595b64144ccf1df_6.0.22621.3672_none_2713b9d173822955\COMCTL32.dll
0x00007ffc2eca0000 - 0x00007ffc2ecc6000 	C:\Windows\System32\win32u.dll
0x00007ffc31660000 - 0x00007ffc31689000 	C:\Windows\System32\GDI32.dll
0x00007ffc2f000000 - 0x00007ffc2f118000 	C:\Windows\System32\gdi32full.dll
0x00007ffc2eea0000 - 0x00007ffc2ef3a000 	C:\Windows\System32\msvcp_win.dll
0x00007ffc26710000 - 0x00007ffc2671a000 	C:\Windows\SYSTEM32\VERSION.dll
0x00007ffc30520000 - 0x00007ffc30551000 	C:\Windows\System32\IMM32.DLL
0x00007ffc09260000 - 0x00007ffc0926c000 	C:\Program Files\Java\jdk-17\bin\vcruntime140_1.dll
0x00007ffbe5ff0000 - 0x00007ffbe607e000 	C:\Program Files\Java\jdk-17\bin\msvcp140.dll
0x00007ffb75f60000 - 0x00007ffb76b40000 	C:\Program Files\Java\jdk-17\bin\server\jvm.dll
0x00007ffc30160000 - 0x00007ffc30168000 	C:\Windows\System32\PSAPI.DLL
0x00007ffc29fe0000 - 0x00007ffc2a014000 	C:\Windows\SYSTEM32\WINMM.dll
0x00007ffbf1e60000 - 0x00007ffbf1e69000 	C:\Windows\SYSTEM32\WSOCK32.dll
0x00007ffc2f870000 - 0x00007ffc2f8e1000 	C:\Windows\System32\WS2_32.dll
0x00007ffc2db10000 - 0x00007ffc2db28000 	C:\Windows\SYSTEM32\kernel.appcore.dll
0x00007ffc03c80000 - 0x00007ffc03c8a000 	C:\Program Files\Java\jdk-17\bin\jimage.dll
0x00007ffc26f90000 - 0x00007ffc271c2000 	C:\Windows\SYSTEM32\DBGHELP.DLL
0x00007ffc30740000 - 0x00007ffc30ace000 	C:\Windows\System32\combase.dll
0x00007ffc31690000 - 0x00007ffc31767000 	C:\Windows\System32\OLEAUT32.dll
0x00007ffc1bb00000 - 0x00007ffc1bb32000 	C:\Windows\SYSTEM32\dbgcore.DLL
0x00007ffc2ed00000 - 0x00007ffc2ed7b000 	C:\Windows\System32\bcryptPrimitives.dll
0x00007ffbe5fc0000 - 0x00007ffbe5fe5000 	C:\Program Files\Java\jdk-17\bin\java.dll
0x00007ffbe5e50000 - 0x00007ffbe5f27000 	C:\Program Files\Java\jdk-17\bin\jsvml.dll
0x00007ffc30df0000 - 0x00007ffc31659000 	C:\Windows\System32\SHELL32.dll
0x00007ffc2c9f0000 - 0x00007ffc2d2ef000 	C:\Windows\SYSTEM32\windows.storage.dll
0x00007ffc2c8b0000 - 0x00007ffc2c9ef000 	C:\Windows\SYSTEM32\wintypes.dll
0x00007ffc30170000 - 0x00007ffc30269000 	C:\Windows\System32\SHCORE.dll
0x00007ffc30100000 - 0x00007ffc3015e000 	C:\Windows\System32\shlwapi.dll
0x00007ffc2e9f0000 - 0x00007ffc2ea17000 	C:\Windows\SYSTEM32\profapi.dll
0x00007ffbe5fa0000 - 0x00007ffbe5fb9000 	C:\Program Files\Java\jdk-17\bin\net.dll
0x00007ffc2b450000 - 0x00007ffc2b586000 	C:\Windows\SYSTEM32\WINHTTP.dll
0x00007ffc2df80000 - 0x00007ffc2dfe9000 	C:\Windows\system32\mswsock.dll
0x00007ffbe5f80000 - 0x00007ffbe5f96000 	C:\Program Files\Java\jdk-17\bin\nio.dll
0x00007ffbe5f60000 - 0x00007ffbe5f78000 	C:\Program Files\Java\jdk-17\bin\zip.dll
0x00007ffbe5f50000 - 0x00007ffbe5f5a000 	C:\Program Files\Java\jdk-17\bin\management.dll
0x00007ffbe5e40000 - 0x00007ffbe5e4b000 	C:\Program Files\Java\jdk-17\bin\management_ext.dll

dbghelp: loaded successfully - version: 4.0.5 - missing functions: none
symbol engine: initialized successfully - sym options: 0x614 - pdb path: .;C:\Program Files\Java\jdk-17\bin;C:\Windows\SYSTEM32;C:\Windows\WinSxS\amd64_microsoft.windows.common-controls_6595b64144ccf1df_6.0.22621.3672_none_2713b9d173822955;C:\Program Files\Java\jdk-17\bin\server

VM Arguments:
jvm_args: -Dcom.sun.management.jmxremote -Dcom.sun.management.jmxremote.port=50792 -Dcom.sun.management.jmxremote.authenticate=false -Dcom.sun.management.jmxremote.ssl=false -Djava.rmi.server.hostname=localhost -Dspring.jmx.enabled=true -Dmanagement.endpoints.jmx.exposure.include=* -Dspring.application.admin.enabled=true -XX:TieredStopAtLevel=1 -Dspring.boot.project.name=springboot_postgre -Dfile.encoding=UTF-8 -Dstdout.encoding=UTF-8 -Dstderr.encoding=UTF-8 -XX:+ShowCodeDetailsInExceptionMessages 
java_command: com.mario.springboot.practica.SpringbootPostgreApplication --spring.output.ansi.enabled=always
java_class_path (initial): D:\workspace\springboot_postgre\target\classes;C:\Users\PERSONAL\.m2\repository\org\springframework\boot\spring-boot-starter-data-jpa\3.3.4\spring-boot-starter-data-jpa-3.3.4.jar;C:\Users\PERSONAL\.m2\repository\org\springframework\boot\spring-boot-starter-aop\3.3.4\spring-boot-starter-aop-3.3.4.jar;C:\Users\PERSONAL\.m2\repository\org\springframework\spring-aop\6.1.13\spring-aop-6.1.13.jar;C:\Users\PERSONAL\.m2\repository\org\aspectj\aspectjweaver\1.9.22.1\aspectjweaver-1.9.22.1.jar;C:\Users\PERSONAL\.m2\repository\org\springframework\boot\spring-boot-starter-jdbc\3.3.4\spring-boot-starter-jdbc-3.3.4.jar;C:\Users\PERSONAL\.m2\repository\com\zaxxer\HikariCP\5.1.0\HikariCP-5.1.0.jar;C:\Users\PERSONAL\.m2\repository\org\springframework\spring-jdbc\6.1.13\spring-jdbc-6.1.13.jar;C:\Users\PERSONAL\.m2\repository\org\hibernate\orm\hibernate-core\6.5.3.Final\hibernate-core-6.5.3.Final.jar;C:\Users\PERSONAL\.m2\repository\jakarta\persistence\jakarta.persistence-api\3.1.0\jakarta.persistence-api-3.1.0.jar;C:\Users\PERSONAL\.m2\repository\jakarta\transaction\jakarta.transaction-api\2.0.1\jakarta.transaction-api-2.0.1.jar;C:\Users\PERSONAL\.m2\repository\org\jboss\logging\jboss-logging\3.5.3.Final\jboss-logging-3.5.3.Final.jar;C:\Users\PERSONAL\.m2\repository\org\hibernate\common\hibernate-commons-annotations\6.0.6.Final\hibernate-commons-annotations-6.0.6.Final.jar;C:\Users\PERSONAL\.m2\repository\io\smallrye\jandex\3.1.2\jandex-3.1.2.jar;C:\Users\PERSONAL\.m2\repository\com\fasterxml\classmate\1.7.0\classmate-1.7.0.jar;C:\Users\PERSONAL\.m2\repository\net\bytebuddy\byte-buddy\1.14.19\byte-buddy-1.14.19.jar;C:\Users\PERSONAL\.m2\repository\org\glassfish\jaxb\jaxb-runtime\4.0.5\jaxb-runtime-4.0.5.jar;C:\Users\PERSONAL\.m2\repository\org\glassfish\jaxb\jaxb-core\4.0.5\jaxb-core-4.0.5.jar;C:\Users\PERSONAL\.m2\repository\org\eclipse\angus\angus-activation\2.0.2\angus-activation-2.0.2.jar;C:\Users\PERSONAL\.m2\repository\org\glassfish\jaxb\txw2\4.0.5\
Launcher Type: SUN_STANDARD

[Global flags]
     intx CICompilerCount                          = 12                                        {product} {ergonomic}
     uint ConcGCThreads                            = 3                                         {product} {ergonomic}
     uint G1ConcRefinementThreads                  = 13                                        {product} {ergonomic}
   size_t G1HeapRegionSize                         = 2097152                                   {product} {ergonomic}
    uintx GCDrainStackTargetSize                   = 64                                        {product} {ergonomic}
   size_t InitialHeapSize                          = 257949696                                 {product} {ergonomic}
     bool ManagementServer                         = true                                      {product} {command line}
   size_t MarkStackSize                            = 4194304                                   {product} {ergonomic}
   size_t MaxHeapSize                              = 4123000832                                {product} {ergonomic}
   size_t MaxNewSize                               = 2472542208                                {product} {ergonomic}
   size_t MinHeapDeltaBytes                        = 2097152                                   {product} {ergonomic}
   size_t MinHeapSize                              = 8388608                                   {product} {ergonomic}
    uintx NonProfiledCodeHeapSize                  = 0                                      {pd product} {ergonomic}
     bool ProfileInterpreter                       = false                                  {pd product} {command line}
    uintx ProfiledCodeHeapSize                     = 0                                      {pd product} {ergonomic}
     bool ShowCodeDetailsInExceptionMessages       = true                                   {manageable} {command line}
   size_t SoftMaxHeapSize                          = 4123000832                             {manageable} {ergonomic}
     intx TieredStopAtLevel                        = 1                                         {product} {command line}
     bool UseCompressedClassPointers               = true                           {product lp64_product} {ergonomic}
     bool UseCompressedOops                        = true                           {product lp64_product} {ergonomic}
     bool UseG1GC                                  = true                                      {product} {ergonomic}
     bool UseLargePagesIndividualAllocation        = false                                  {pd product} {ergonomic}

Logging:
Log output configuration:
 #0: stdout all=warning uptime,level,tags
 #1: stderr all=off uptime,level,tags

Environment Variables:
JAVA_HOME=C:\Program Files\Java\jdk-17
PATH=D:/sts-4.25.0.RELEASE//plugins/org.eclipse.justj.openjdk.hotspot.jre.full.win32.x86_64_21.0.4.v20240802-1551/jre/bin/server;D:/sts-4.25.0.RELEASE//plugins/org.eclipse.justj.openjdk.hotspot.jre.full.win32.x86_64_21.0.4.v20240802-1551/jre/bin;C:\Program Files\Common Files\Oracle\Java\javapath;C:\Program Files (x86)\VMware\VMware Workstation\bin\;C:\Windows\system32;C:\Windows;C:\Windows\System32\Wbem;C:\Windows\System32\WindowsPowerShell\v1.0\;C:\Windows\System32\OpenSSH\;C:\Program Files\nodejs\;C:\Program Files\Microsoft SQL Server\130\Tools\Binn\;C:\Program Files\Microsoft SQL Server\Client SDK\ODBC\170\Tools\Binn\;C:\Program Files (x86)\Microsoft SQL Server\160\DTS\Binn\;C:\Program Files (x86)\Microsoft SQL Server\160\Tools\Binn\;C:\Program Files\Microsoft SQL Server\160\Tools\Binn\;C:\Program Files\Microsoft SQL Server\160\DTS\Binn\;C:\Program Files\PuTTY\;C:\Program Files\Git\cmd;C:\Program Files\dotnet\;C:\Program Files (x86)\IVI Foundation\VISA\WinNT\Bin\;C:\Program Files\IVI Foundation\VISA\Win64\Bin\;C:\Program Files (x86)\IVI Foundation\IVI\Bin\;C:\Program Files\IVI Foundation\IVI\Bin\;C:\Program Files (x86)\IVI Foundation\VISA\WinNT\Bin;C:\Program Files\Java\jdk-17\bin;D:\workspace\apache-maven-3.9.9\bin;C:\Program Files (x86)\National Instruments\Shared\LabVIEW CLI;C:\Program Files\MySQL\MySQL Shell 8.0\bin\;C:\Users\PERSONAL\AppData\Local\Microsoft\WindowsApps;C:\Users\PERSONAL\AppData\Local\Programs\Microsoft VS Code\bin;C:\Users\PERSONAL\AppData\Roaming\npm;D:\sts-4.25.0.RELEASE;
USERNAME=PERSONAL
OS=Windows_NT
PROCESSOR_IDENTIFIER=AMD64 Family 23 Model 104 Stepping 1, AuthenticAMD



---------------  S Y S T E M  ---------------

OS:
 Windows 11 , 64 bit Build 22621 (10.0.22621.3958)
OS uptime: 0 days 1:35 hours
Hyper-V role detected

CPU: total 16 (initial active 16) (16 cores per cpu, 2 threads per core) family 23 model 104 stepping 1 microcode 0x0, cx8, cmov, fxsr, ht, mmx, 3dnowpref, sse, sse2, sse3, ssse3, sse4a, sse4.1, sse4.2, popcnt, lzcnt, tsc, tscinvbit, avx, avx2, aes, clmul, bmi1, bmi2, adx, sha, fma, vzeroupper, clflush, clflushopt, hv

Memory: 4k page, system-wide physical 15720M (5100M free)
TotalPageFile size 17768M (AvailPageFile size 5M)
current process WorkingSet (physical memory assigned to process): 46M, peak: 46M
current process commit charge ("private bytes"): 341M, peak: 341M

vm_info: Java HotSpot(TM) 64-Bit Server VM (17.0.12+8-LTS-286) for windows-amd64 JRE (17.0.12+8-LTS-286), built on Jun  5 2024 06:46:59 by "mach5one" with MS VC++ 17.6 (VS2022)

END.
